Analysis & Synthesis report for CEG_Lab4
Thu Nov 20 14:19:26 2014
Quartus II Version 9.0 Build 235 06/17/2009 Service Pack 2 SJ Web Edition


---------------------
; Table of Contents ;
---------------------
  1. Legal Notice
  2. Analysis & Synthesis Summary
  3. Analysis & Synthesis Settings
  4. Analysis & Synthesis Source Files Read
  5. Analysis & Synthesis Resource Usage Summary
  6. Analysis & Synthesis Resource Utilization by Entity
  7. Analysis & Synthesis RAM Summary
  8. Registers Removed During Synthesis
  9. Removed Registers Triggering Further Register Optimizations
 10. General Register Statistics
 11. Parameter Settings for User Entity Instance: ram256x8:104|lpm_ram_dq:lpm_ram_dq_component
 12. Parameter Settings for User Entity Instance: alu8bits:47|alu1bit:9|81mux:1
 13. Parameter Settings for User Entity Instance: alu8bits:47|alu1bit:10|81mux:1
 14. Parameter Settings for User Entity Instance: alu8bits:47|alu1bit:11|81mux:1
 15. Parameter Settings for User Entity Instance: alu8bits:47|alu1bit:12|81mux:1
 16. Parameter Settings for User Entity Instance: alu8bits:47|alu1bit:16|81mux:1
 17. Parameter Settings for User Entity Instance: alu8bits:47|alu1bit:15|81mux:1
 18. Parameter Settings for User Entity Instance: alu8bits:47|alu1bit:14|81mux:1
 19. Parameter Settings for User Entity Instance: alu8bits:47|alu1bit:13|81mux:1
 20. Analysis & Synthesis Messages



----------------
; Legal Notice ;
----------------
Copyright (C) 1991-2009 Altera Corporation
Your use of Altera Corporation's design tools, logic functions 
and other software and tools, and its AMPP partner logic 
functions, and any output files from any of the foregoing 
(including device programming or simulation files), and any 
associated documentation or information are expressly subject 
to the terms and conditions of the Altera Program License 
Subscription Agreement, Altera MegaCore Function License 
Agreement, or other applicable license agreement, including, 
without limitation, that your use is for the sole purpose of 
programming logic devices manufactured by Altera and sold by 
Altera or its authorized distributors.  Please refer to the 
applicable agreement for further details.



+----------------------------------------------------------------------------+
; Analysis & Synthesis Summary                                               ;
+-----------------------------+----------------------------------------------+
; Analysis & Synthesis Status ; Successful - Thu Nov 20 14:19:26 2014        ;
; Quartus II Version          ; 9.0 Build 235 06/17/2009 SP 2 SJ Web Edition ;
; Revision Name               ; CEG_Lab4                                     ;
; Top-level Entity Name       ; lab3top                                      ;
; Family                      ; FLEX10K                                      ;
; Total logic elements        ; 252                                          ;
; Total pins                  ; 52                                           ;
; Total memory bits           ; 2,048                                        ;
+-----------------------------+----------------------------------------------+


+------------------------------------------------------------------------------------------------+
; Analysis & Synthesis Settings                                                                  ;
+--------------------------------------------------------------+-----------------+---------------+
; Option                                                       ; Setting         ; Default Value ;
+--------------------------------------------------------------+-----------------+---------------+
; Device                                                       ; EPF10K70RC240-4 ;               ;
; Top-level entity name                                        ; lab3top         ; CEG_Lab4      ;
; Family name                                                  ; FLEX10K         ; Stratix II    ;
; Use Generated Physical Constraints File                      ; Off             ;               ;
; Use smart compilation                                        ; Off             ; Off           ;
; Create Debugging Nodes for IP Cores                          ; Off             ; Off           ;
; Preserve fewer node names                                    ; On              ; On            ;
; Disable OpenCore Plus hardware evaluation                    ; Off             ; Off           ;
; Verilog Version                                              ; Verilog_2001    ; Verilog_2001  ;
; VHDL Version                                                 ; VHDL93          ; VHDL93        ;
; State Machine Processing                                     ; Auto            ; Auto          ;
; Safe State Machine                                           ; Off             ; Off           ;
; Extract Verilog State Machines                               ; On              ; On            ;
; Extract VHDL State Machines                                  ; On              ; On            ;
; Ignore Verilog initial constructs                            ; Off             ; Off           ;
; Iteration limit for constant Verilog loops                   ; 5000            ; 5000          ;
; Iteration limit for non-constant Verilog loops               ; 250             ; 250           ;
; Add Pass-Through Logic to Inferred RAMs                      ; On              ; On            ;
; Parallel Synthesis                                           ; Off             ; Off           ;
; NOT Gate Push-Back                                           ; On              ; On            ;
; Power-Up Don't Care                                          ; On              ; On            ;
; Remove Redundant Logic Cells                                 ; Off             ; Off           ;
; Remove Duplicate Registers                                   ; On              ; On            ;
; Ignore CARRY Buffers                                         ; Off             ; Off           ;
; Ignore CASCADE Buffers                                       ; Off             ; Off           ;
; Ignore GLOBAL Buffers                                        ; Off             ; Off           ;
; Ignore ROW GLOBAL Buffers                                    ; Off             ; Off           ;
; Ignore LCELL Buffers                                         ; Off             ; Off           ;
; Ignore SOFT Buffers                                          ; On              ; On            ;
; Limit AHDL Integers to 32 Bits                               ; Off             ; Off           ;
; Auto Implement in ROM                                        ; Off             ; Off           ;
; Optimization Technique                                       ; Area            ; Area          ;
; Carry Chain Length                                           ; 32              ; 32            ;
; Cascade Chain Length                                         ; 2               ; 2             ;
; Auto Carry Chains                                            ; On              ; On            ;
; Auto Open-Drain Pins                                         ; On              ; On            ;
; Auto ROM Replacement                                         ; On              ; On            ;
; Auto RAM Replacement                                         ; On              ; On            ;
; Auto Clock Enable Replacement                                ; On              ; On            ;
; Strict RAM Replacement                                       ; Off             ; Off           ;
; Auto Resource Sharing                                        ; Off             ; Off           ;
; Allow Any RAM Size For Recognition                           ; Off             ; Off           ;
; Allow Any ROM Size For Recognition                           ; Off             ; Off           ;
; Use LogicLock Constraints during Resource Balancing          ; On              ; On            ;
; Ignore translate_off and synthesis_off directives            ; Off             ; Off           ;
; Show Parameter Settings Tables in Synthesis Report           ; On              ; On            ;
; HDL message level                                            ; Level2          ; Level2        ;
; Suppress Register Optimization Related Messages              ; Off             ; Off           ;
; Number of Removed Registers Reported in Synthesis Report     ; 100             ; 100           ;
; Number of Inverted Registers Reported in Synthesis Report    ; 100             ; 100           ;
; Block Design Naming                                          ; Auto            ; Auto          ;
; Synthesis Effort                                             ; Auto            ; Auto          ;
; Shift Register Replacement - Allow Asynchronous Clear Signal ; On              ; On            ;
; Analysis & Synthesis Message Level                           ; Medium          ; Medium        ;
+--------------------------------------------------------------+-----------------+---------------+


+-----------------------------------------------------------------------------------------------------------------------------------------------------------------------+
; Analysis & Synthesis Source Files Read                                                                                                                                ;
+-------------------------------------+-----------------+------------------------------------+--------------------------------------------------------------------------+
; File Name with User-Entered Path    ; Used in Netlist ; File Type                          ; File Name with Absolute Path                                             ;
+-------------------------------------+-----------------+------------------------------------+--------------------------------------------------------------------------+
; supportfiles/alu1bit.bdf            ; yes             ; User Block Diagram/Schematic File  ; E:/CEG2136 Lab4/CEGLab4/supportfiles/alu1bit.bdf                         ;
; supportfiles/alu8bits.bdf           ; yes             ; User Block Diagram/Schematic File  ; E:/CEG2136 Lab4/CEGLab4/supportfiles/alu8bits.bdf                        ;
; supportfiles/busmultiplexer.vhd     ; yes             ; User VHDL File                     ; E:/CEG2136 Lab4/CEGLab4/supportfiles/busmultiplexer.vhd                  ;
; supportfiles/controlregister.bdf    ; yes             ; User Block Diagram/Schematic File  ; E:/CEG2136 Lab4/CEGLab4/supportfiles/controlregister.bdf                 ;
; supportfiles/counter1bit.bdf        ; yes             ; User Block Diagram/Schematic File  ; E:/CEG2136 Lab4/CEGLab4/supportfiles/counter1bit.bdf                     ;
; supportfiles/counter4bits.bdf       ; yes             ; User Block Diagram/Schematic File  ; E:/CEG2136 Lab4/CEGLab4/supportfiles/counter4bits.bdf                    ;
; supportfiles/counter8bits.bdf       ; yes             ; User Block Diagram/Schematic File  ; E:/CEG2136 Lab4/CEGLab4/supportfiles/counter8bits.bdf                    ;
; supportfiles/lab3controller.bdf     ; yes             ; User Block Diagram/Schematic File  ; E:/CEG2136 Lab4/CEGLab4/supportfiles/lab3controller.bdf                  ;
; supportfiles/lab3top.bdf            ; yes             ; User Block Diagram/Schematic File  ; E:/CEG2136 Lab4/CEGLab4/supportfiles/lab3top.bdf                         ;
; supportfiles/partialadder1bit.bdf   ; yes             ; User Block Diagram/Schematic File  ; E:/CEG2136 Lab4/CEGLab4/supportfiles/partialadder1bit.bdf                ;
; supportfiles/ram256x8.vhd           ; yes             ; User Wizard-Generated File         ; E:/CEG2136 Lab4/CEGLab4/supportfiles/ram256x8.vhd                        ;
; supportfiles/register1bit.bdf       ; yes             ; User Block Diagram/Schematic File  ; E:/CEG2136 Lab4/CEGLab4/supportfiles/register1bit.bdf                    ;
; supportfiles/register8bits.bdf      ; yes             ; User Block Diagram/Schematic File  ; E:/CEG2136 Lab4/CEGLab4/supportfiles/register8bits.bdf                   ;
; supportfiles/seg7.vhd               ; yes             ; User VHDL File                     ; E:/CEG2136 Lab4/CEGLab4/supportfiles/seg7.vhd                            ;
; supportfiles/sevensegcontroller.bdf ; yes             ; User Block Diagram/Schematic File  ; E:/CEG2136 Lab4/CEGLab4/supportfiles/sevensegcontroller.bdf              ;
; lpm_ram_dq.tdf                      ; yes             ; Megafunction                       ; q:/altera.09/altera/90sp2/quartus/libraries/megafunctions/lpm_ram_dq.tdf ;
; altram.inc                          ; yes             ; Megafunction                       ; q:/altera.09/altera/90sp2/quartus/libraries/megafunctions/altram.inc     ;
; lpm_mux.inc                         ; yes             ; Megafunction                       ; q:/altera.09/altera/90sp2/quartus/libraries/megafunctions/lpm_mux.inc    ;
; lpm_decode.inc                      ; yes             ; Megafunction                       ; q:/altera.09/altera/90sp2/quartus/libraries/megafunctions/lpm_decode.inc ;
; aglobal90.inc                       ; yes             ; Megafunction                       ; q:/altera.09/altera/90sp2/quartus/libraries/megafunctions/aglobal90.inc  ;
; altram.tdf                          ; yes             ; Megafunction                       ; q:/altera.09/altera/90sp2/quartus/libraries/megafunctions/altram.tdf     ;
; memmodes.inc                        ; yes             ; Megafunction                       ; q:/altera.09/altera/90sp2/quartus/libraries/others/maxplus2/memmodes.inc ;
; altsyncram.inc                      ; yes             ; Megafunction                       ; q:/altera.09/altera/90sp2/quartus/libraries/megafunctions/altsyncram.inc ;
; altqpram.inc                        ; yes             ; Megafunction                       ; q:/altera.09/altera/90sp2/quartus/libraries/megafunctions/altqpram.inc   ;
; 81mux.tdf                           ; yes             ; Megafunction                       ; q:/altera.09/altera/90sp2/quartus/libraries/others/maxplus2/81mux.tdf    ;
; aglobal.inc                         ; yes             ; Megafunction                       ; q:/altera.09/altera/90sp2/quartus/libraries/megafunctions/aglobal.inc    ;
; f81mux.bdf                          ; yes             ; Megafunction                       ; q:/altera.09/altera/90sp2/quartus/libraries/others/maxplus2/f81mux.bdf   ;
; 74182.bdf                           ; yes             ; Megafunction                       ; q:/altera.09/altera/90sp2/quartus/libraries/others/maxplus2/74182.bdf    ;
; 16dmux.bdf                          ; yes             ; Megafunction                       ; q:/altera.09/altera/90sp2/quartus/libraries/others/maxplus2/16dmux.bdf   ;
+-------------------------------------+-----------------+------------------------------------+--------------------------------------------------------------------------+


+---------------------------------------------+
; Analysis & Synthesis Resource Usage Summary ;
+--------------------------------+------------+
; Resource                       ; Usage      ;
+--------------------------------+------------+
; Total logic elements           ; 252        ;
; Total combinational functions  ; 244        ;
;     -- Total 4-input functions ; 129        ;
;     -- Total 3-input functions ; 97         ;
;     -- Total 2-input functions ; 15         ;
;     -- Total 1-input functions ; 3          ;
;     -- Total 0-input functions ; 0          ;
; Total registers                ; 78         ;
; I/O pins                       ; 52         ;
; Total memory bits              ; 2048       ;
; Maximum fan-out node           ; clk        ;
; Maximum fan-out                ; 86         ;
; Total fan-out                  ; 1097       ;
; Average fan-out                ; 3.52       ;
+--------------------------------+------------+


+-------------------------------------------------------------------------------------------------------------------------------------------------------------------------------------------------------------------------------------------------------------------+
; Analysis & Synthesis Resource Utilization by Entity                                                                                                                                                                                                               ;
+-----------------------------------------+-------------+--------------+-------------+------+--------------+-------------------+------------------+-----------------+------------+-------------------------------------------------------------------+--------------+
; Compilation Hierarchy Node              ; Logic Cells ; LC Registers ; Memory Bits ; Pins ; LUT-Only LCs ; Register-Only LCs ; LUT/Register LCs ; Carry Chain LCs ; Packed LCs ; Full Hierarchy Name                                               ; Library Name ;
+-----------------------------------------+-------------+--------------+-------------+------+--------------+-------------------+------------------+-----------------+------------+-------------------------------------------------------------------+--------------+
; |lab3top                                ; 252 (0)     ; 78           ; 2048        ; 52   ; 174 (0)      ; 8 (0)             ; 70 (0)           ; 0 (0)           ; 0 (0)      ; |lab3top                                                          ; work         ;
;    |16dmux:99|                          ; 6 (6)       ; 0            ; 0           ; 0    ; 6 (6)        ; 0 (0)             ; 0 (0)            ; 0 (0)           ; 0 (0)      ; |lab3top|16dmux:99                                                ; work         ;
;    |alu8bits:47|                        ; 62 (4)      ; 0            ; 0           ; 0    ; 62 (4)       ; 0 (0)             ; 0 (0)            ; 0 (0)           ; 0 (0)      ; |lab3top|alu8bits:47                                              ; work         ;
;       |74182:21|                        ; 6 (6)       ; 0            ; 0           ; 0    ; 6 (6)        ; 0 (0)             ; 0 (0)            ; 0 (0)           ; 0 (0)      ; |lab3top|alu8bits:47|74182:21                                     ; work         ;
;       |74182:2|                         ; 2 (2)       ; 0            ; 0           ; 0    ; 2 (2)        ; 0 (0)             ; 0 (0)            ; 0 (0)           ; 0 (0)      ; |lab3top|alu8bits:47|74182:2                                      ; work         ;
;       |alu1bit:10|                      ; 7 (0)       ; 0            ; 0           ; 0    ; 7 (0)        ; 0 (0)             ; 0 (0)            ; 0 (0)           ; 0 (0)      ; |lab3top|alu8bits:47|alu1bit:10                                   ; work         ;
;          |81mux:1|                      ; 5 (0)       ; 0            ; 0           ; 0    ; 5 (0)        ; 0 (0)             ; 0 (0)            ; 0 (0)           ; 0 (0)      ; |lab3top|alu8bits:47|alu1bit:10|81mux:1                           ; work         ;
;             |f81mux:sub|                ; 5 (5)       ; 0            ; 0           ; 0    ; 5 (5)        ; 0 (0)             ; 0 (0)            ; 0 (0)           ; 0 (0)      ; |lab3top|alu8bits:47|alu1bit:10|81mux:1|f81mux:sub                ; work         ;
;          |partialadder1bit:21|          ; 2 (2)       ; 0            ; 0           ; 0    ; 2 (2)        ; 0 (0)             ; 0 (0)            ; 0 (0)           ; 0 (0)      ; |lab3top|alu8bits:47|alu1bit:10|partialadder1bit:21               ; work         ;
;       |alu1bit:11|                      ; 8 (0)       ; 0            ; 0           ; 0    ; 8 (0)        ; 0 (0)             ; 0 (0)            ; 0 (0)           ; 0 (0)      ; |lab3top|alu8bits:47|alu1bit:11                                   ; work         ;
;          |81mux:1|                      ; 5 (0)       ; 0            ; 0           ; 0    ; 5 (0)        ; 0 (0)             ; 0 (0)            ; 0 (0)           ; 0 (0)      ; |lab3top|alu8bits:47|alu1bit:11|81mux:1                           ; work         ;
;             |f81mux:sub|                ; 5 (5)       ; 0            ; 0           ; 0    ; 5 (5)        ; 0 (0)             ; 0 (0)            ; 0 (0)           ; 0 (0)      ; |lab3top|alu8bits:47|alu1bit:11|81mux:1|f81mux:sub                ; work         ;
;          |partialadder1bit:21|          ; 3 (3)       ; 0            ; 0           ; 0    ; 3 (3)        ; 0 (0)             ; 0 (0)            ; 0 (0)           ; 0 (0)      ; |lab3top|alu8bits:47|alu1bit:11|partialadder1bit:21               ; work         ;
;       |alu1bit:12|                      ; 6 (1)       ; 0            ; 0           ; 0    ; 6 (1)        ; 0 (0)             ; 0 (0)            ; 0 (0)           ; 0 (0)      ; |lab3top|alu8bits:47|alu1bit:12                                   ; work         ;
;          |81mux:1|                      ; 4 (0)       ; 0            ; 0           ; 0    ; 4 (0)        ; 0 (0)             ; 0 (0)            ; 0 (0)           ; 0 (0)      ; |lab3top|alu8bits:47|alu1bit:12|81mux:1                           ; work         ;
;             |f81mux:sub|                ; 4 (4)       ; 0            ; 0           ; 0    ; 4 (4)        ; 0 (0)             ; 0 (0)            ; 0 (0)           ; 0 (0)      ; |lab3top|alu8bits:47|alu1bit:12|81mux:1|f81mux:sub                ; work         ;
;          |partialadder1bit:21|          ; 1 (1)       ; 0            ; 0           ; 0    ; 1 (1)        ; 0 (0)             ; 0 (0)            ; 0 (0)           ; 0 (0)      ; |lab3top|alu8bits:47|alu1bit:12|partialadder1bit:21               ; work         ;
;       |alu1bit:13|                      ; 5 (0)       ; 0            ; 0           ; 0    ; 5 (0)        ; 0 (0)             ; 0 (0)            ; 0 (0)           ; 0 (0)      ; |lab3top|alu8bits:47|alu1bit:13                                   ; work         ;
;          |81mux:1|                      ; 4 (0)       ; 0            ; 0           ; 0    ; 4 (0)        ; 0 (0)             ; 0 (0)            ; 0 (0)           ; 0 (0)      ; |lab3top|alu8bits:47|alu1bit:13|81mux:1                           ; work         ;
;             |f81mux:sub|                ; 4 (4)       ; 0            ; 0           ; 0    ; 4 (4)        ; 0 (0)             ; 0 (0)            ; 0 (0)           ; 0 (0)      ; |lab3top|alu8bits:47|alu1bit:13|81mux:1|f81mux:sub                ; work         ;
;          |partialadder1bit:21|          ; 1 (1)       ; 0            ; 0           ; 0    ; 1 (1)        ; 0 (0)             ; 0 (0)            ; 0 (0)           ; 0 (0)      ; |lab3top|alu8bits:47|alu1bit:13|partialadder1bit:21               ; work         ;
;       |alu1bit:14|                      ; 6 (0)       ; 0            ; 0           ; 0    ; 6 (0)        ; 0 (0)             ; 0 (0)            ; 0 (0)           ; 0 (0)      ; |lab3top|alu8bits:47|alu1bit:14                                   ; work         ;
;          |81mux:1|                      ; 4 (0)       ; 0            ; 0           ; 0    ; 4 (0)        ; 0 (0)             ; 0 (0)            ; 0 (0)           ; 0 (0)      ; |lab3top|alu8bits:47|alu1bit:14|81mux:1                           ; work         ;
;             |f81mux:sub|                ; 4 (4)       ; 0            ; 0           ; 0    ; 4 (4)        ; 0 (0)             ; 0 (0)            ; 0 (0)           ; 0 (0)      ; |lab3top|alu8bits:47|alu1bit:14|81mux:1|f81mux:sub                ; work         ;
;          |partialadder1bit:21|          ; 2 (2)       ; 0            ; 0           ; 0    ; 2 (2)        ; 0 (0)             ; 0 (0)            ; 0 (0)           ; 0 (0)      ; |lab3top|alu8bits:47|alu1bit:14|partialadder1bit:21               ; work         ;
;       |alu1bit:15|                      ; 6 (0)       ; 0            ; 0           ; 0    ; 6 (0)        ; 0 (0)             ; 0 (0)            ; 0 (0)           ; 0 (0)      ; |lab3top|alu8bits:47|alu1bit:15                                   ; work         ;
;          |81mux:1|                      ; 4 (0)       ; 0            ; 0           ; 0    ; 4 (0)        ; 0 (0)             ; 0 (0)            ; 0 (0)           ; 0 (0)      ; |lab3top|alu8bits:47|alu1bit:15|81mux:1                           ; work         ;
;             |f81mux:sub|                ; 4 (4)       ; 0            ; 0           ; 0    ; 4 (4)        ; 0 (0)             ; 0 (0)            ; 0 (0)           ; 0 (0)      ; |lab3top|alu8bits:47|alu1bit:15|81mux:1|f81mux:sub                ; work         ;
;          |partialadder1bit:21|          ; 2 (2)       ; 0            ; 0           ; 0    ; 2 (2)        ; 0 (0)             ; 0 (0)            ; 0 (0)           ; 0 (0)      ; |lab3top|alu8bits:47|alu1bit:15|partialadder1bit:21               ; work         ;
;       |alu1bit:16|                      ; 6 (0)       ; 0            ; 0           ; 0    ; 6 (0)        ; 0 (0)             ; 0 (0)            ; 0 (0)           ; 0 (0)      ; |lab3top|alu8bits:47|alu1bit:16                                   ; work         ;
;          |81mux:1|                      ; 4 (0)       ; 0            ; 0           ; 0    ; 4 (0)        ; 0 (0)             ; 0 (0)            ; 0 (0)           ; 0 (0)      ; |lab3top|alu8bits:47|alu1bit:16|81mux:1                           ; work         ;
;             |f81mux:sub|                ; 4 (4)       ; 0            ; 0           ; 0    ; 4 (4)        ; 0 (0)             ; 0 (0)            ; 0 (0)           ; 0 (0)      ; |lab3top|alu8bits:47|alu1bit:16|81mux:1|f81mux:sub                ; work         ;
;          |partialadder1bit:21|          ; 2 (2)       ; 0            ; 0           ; 0    ; 2 (2)        ; 0 (0)             ; 0 (0)            ; 0 (0)           ; 0 (0)      ; |lab3top|alu8bits:47|alu1bit:16|partialadder1bit:21               ; work         ;
;       |alu1bit:9|                       ; 6 (0)       ; 0            ; 0           ; 0    ; 6 (0)        ; 0 (0)             ; 0 (0)            ; 0 (0)           ; 0 (0)      ; |lab3top|alu8bits:47|alu1bit:9                                    ; work         ;
;          |81mux:1|                      ; 5 (0)       ; 0            ; 0           ; 0    ; 5 (0)        ; 0 (0)             ; 0 (0)            ; 0 (0)           ; 0 (0)      ; |lab3top|alu8bits:47|alu1bit:9|81mux:1                            ; work         ;
;             |f81mux:sub|                ; 5 (5)       ; 0            ; 0           ; 0    ; 5 (5)        ; 0 (0)             ; 0 (0)            ; 0 (0)           ; 0 (0)      ; |lab3top|alu8bits:47|alu1bit:9|81mux:1|f81mux:sub                 ; work         ;
;          |partialadder1bit:21|          ; 1 (1)       ; 0            ; 0           ; 0    ; 1 (1)        ; 0 (0)             ; 0 (0)            ; 0 (0)           ; 0 (0)      ; |lab3top|alu8bits:47|alu1bit:9|partialadder1bit:21                ; work         ;
;    |busmultiplexer:67|                  ; 40 (40)     ; 0            ; 0           ; 0    ; 40 (40)      ; 0 (0)             ; 0 (0)            ; 0 (0)           ; 0 (0)      ; |lab3top|busmultiplexer:67                                        ; work         ;
;    |controlregister:101|                ; 18 (18)     ; 18           ; 0           ; 0    ; 0 (0)        ; 0 (0)             ; 18 (18)          ; 0 (0)           ; 0 (0)      ; |lab3top|controlregister:101                                      ; work         ;
;    |counter4bits:98|                    ; 5 (0)       ; 4            ; 0           ; 0    ; 1 (0)        ; 0 (0)             ; 4 (0)            ; 0 (0)           ; 0 (0)      ; |lab3top|counter4bits:98                                          ; work         ;
;       |counter1bit:33|                  ; 1 (1)       ; 1            ; 0           ; 0    ; 0 (0)        ; 0 (0)             ; 1 (1)            ; 0 (0)           ; 0 (0)      ; |lab3top|counter4bits:98|counter1bit:33                           ; work         ;
;       |counter1bit:34|                  ; 2 (2)       ; 1            ; 0           ; 0    ; 1 (1)        ; 0 (0)             ; 1 (1)            ; 0 (0)           ; 0 (0)      ; |lab3top|counter4bits:98|counter1bit:34                           ; work         ;
;       |counter1bit:35|                  ; 1 (1)       ; 1            ; 0           ; 0    ; 0 (0)        ; 0 (0)             ; 1 (1)            ; 0 (0)           ; 0 (0)      ; |lab3top|counter4bits:98|counter1bit:35                           ; work         ;
;       |counter1bit:36|                  ; 1 (1)       ; 1            ; 0           ; 0    ; 0 (0)        ; 0 (0)             ; 1 (1)            ; 0 (0)           ; 0 (0)      ; |lab3top|counter4bits:98|counter1bit:36                           ; work         ;
;    |counter8bits:58|                    ; 38 (2)      ; 8            ; 0           ; 0    ; 30 (2)       ; 0 (0)             ; 8 (0)            ; 0 (0)           ; 0 (0)      ; |lab3top|counter8bits:58                                          ; work         ;
;       |counter1bit:46|                  ; 6 (6)       ; 1            ; 0           ; 0    ; 5 (5)        ; 0 (0)             ; 1 (1)            ; 0 (0)           ; 0 (0)      ; |lab3top|counter8bits:58|counter1bit:46                           ; work         ;
;       |counter1bit:47|                  ; 3 (3)       ; 1            ; 0           ; 0    ; 2 (2)        ; 0 (0)             ; 1 (1)            ; 0 (0)           ; 0 (0)      ; |lab3top|counter8bits:58|counter1bit:47                           ; work         ;
;       |counter1bit:48|                  ; 4 (4)       ; 1            ; 0           ; 0    ; 3 (3)        ; 0 (0)             ; 1 (1)            ; 0 (0)           ; 0 (0)      ; |lab3top|counter8bits:58|counter1bit:48                           ; work         ;
;       |counter1bit:49|                  ; 3 (3)       ; 1            ; 0           ; 0    ; 2 (2)        ; 0 (0)             ; 1 (1)            ; 0 (0)           ; 0 (0)      ; |lab3top|counter8bits:58|counter1bit:49                           ; work         ;
;       |counter1bit:50|                  ; 4 (4)       ; 1            ; 0           ; 0    ; 3 (3)        ; 0 (0)             ; 1 (1)            ; 0 (0)           ; 0 (0)      ; |lab3top|counter8bits:58|counter1bit:50                           ; work         ;
;       |counter1bit:51|                  ; 6 (6)       ; 1            ; 0           ; 0    ; 5 (5)        ; 0 (0)             ; 1 (1)            ; 0 (0)           ; 0 (0)      ; |lab3top|counter8bits:58|counter1bit:51                           ; work         ;
;       |counter1bit:52|                  ; 4 (4)       ; 1            ; 0           ; 0    ; 3 (3)        ; 0 (0)             ; 1 (1)            ; 0 (0)           ; 0 (0)      ; |lab3top|counter8bits:58|counter1bit:52                           ; work         ;
;       |counter1bit:53|                  ; 6 (6)       ; 1            ; 0           ; 0    ; 5 (5)        ; 0 (0)             ; 1 (1)            ; 0 (0)           ; 0 (0)      ; |lab3top|counter8bits:58|counter1bit:53                           ; work         ;
;    |counter8bits:59|                    ; 15 (0)      ; 8            ; 0           ; 0    ; 7 (0)        ; 0 (0)             ; 8 (0)            ; 0 (0)           ; 0 (0)      ; |lab3top|counter8bits:59                                          ; work         ;
;       |counter1bit:46|                  ; 1 (1)       ; 1            ; 0           ; 0    ; 0 (0)        ; 0 (0)             ; 1 (1)            ; 0 (0)           ; 0 (0)      ; |lab3top|counter8bits:59|counter1bit:46                           ; work         ;
;       |counter1bit:47|                  ; 3 (3)       ; 1            ; 0           ; 0    ; 2 (2)        ; 0 (0)             ; 1 (1)            ; 0 (0)           ; 0 (0)      ; |lab3top|counter8bits:59|counter1bit:47                           ; work         ;
;       |counter1bit:48|                  ; 1 (1)       ; 1            ; 0           ; 0    ; 0 (0)        ; 0 (0)             ; 1 (1)            ; 0 (0)           ; 0 (0)      ; |lab3top|counter8bits:59|counter1bit:48                           ; work         ;
;       |counter1bit:49|                  ; 2 (2)       ; 1            ; 0           ; 0    ; 1 (1)        ; 0 (0)             ; 1 (1)            ; 0 (0)           ; 0 (0)      ; |lab3top|counter8bits:59|counter1bit:49                           ; work         ;
;       |counter1bit:50|                  ; 3 (3)       ; 1            ; 0           ; 0    ; 2 (2)        ; 0 (0)             ; 1 (1)            ; 0 (0)           ; 0 (0)      ; |lab3top|counter8bits:59|counter1bit:50                           ; work         ;
;       |counter1bit:51|                  ; 1 (1)       ; 1            ; 0           ; 0    ; 0 (0)        ; 0 (0)             ; 1 (1)            ; 0 (0)           ; 0 (0)      ; |lab3top|counter8bits:59|counter1bit:51                           ; work         ;
;       |counter1bit:52|                  ; 2 (2)       ; 1            ; 0           ; 0    ; 1 (1)        ; 0 (0)             ; 1 (1)            ; 0 (0)           ; 0 (0)      ; |lab3top|counter8bits:59|counter1bit:52                           ; work         ;
;       |counter1bit:53|                  ; 2 (2)       ; 1            ; 0           ; 0    ; 1 (1)        ; 0 (0)             ; 1 (1)            ; 0 (0)           ; 0 (0)      ; |lab3top|counter8bits:59|counter1bit:53                           ; work         ;
;    |counter8bits:60|                    ; 8 (0)       ; 8            ; 0           ; 0    ; 0 (0)        ; 0 (0)             ; 8 (0)            ; 0 (0)           ; 0 (0)      ; |lab3top|counter8bits:60                                          ; work         ;
;       |counter1bit:46|                  ; 1 (1)       ; 1            ; 0           ; 0    ; 0 (0)        ; 0 (0)             ; 1 (1)            ; 0 (0)           ; 0 (0)      ; |lab3top|counter8bits:60|counter1bit:46                           ; work         ;
;       |counter1bit:47|                  ; 1 (1)       ; 1            ; 0           ; 0    ; 0 (0)        ; 0 (0)             ; 1 (1)            ; 0 (0)           ; 0 (0)      ; |lab3top|counter8bits:60|counter1bit:47                           ; work         ;
;       |counter1bit:48|                  ; 1 (1)       ; 1            ; 0           ; 0    ; 0 (0)        ; 0 (0)             ; 1 (1)            ; 0 (0)           ; 0 (0)      ; |lab3top|counter8bits:60|counter1bit:48                           ; work         ;
;       |counter1bit:49|                  ; 1 (1)       ; 1            ; 0           ; 0    ; 0 (0)        ; 0 (0)             ; 1 (1)            ; 0 (0)           ; 0 (0)      ; |lab3top|counter8bits:60|counter1bit:49                           ; work         ;
;       |counter1bit:50|                  ; 1 (1)       ; 1            ; 0           ; 0    ; 0 (0)        ; 0 (0)             ; 1 (1)            ; 0 (0)           ; 0 (0)      ; |lab3top|counter8bits:60|counter1bit:50                           ; work         ;
;       |counter1bit:51|                  ; 1 (1)       ; 1            ; 0           ; 0    ; 0 (0)        ; 0 (0)             ; 1 (1)            ; 0 (0)           ; 0 (0)      ; |lab3top|counter8bits:60|counter1bit:51                           ; work         ;
;       |counter1bit:52|                  ; 1 (1)       ; 1            ; 0           ; 0    ; 0 (0)        ; 0 (0)             ; 1 (1)            ; 0 (0)           ; 0 (0)      ; |lab3top|counter8bits:60|counter1bit:52                           ; work         ;
;       |counter1bit:53|                  ; 1 (1)       ; 1            ; 0           ; 0    ; 0 (0)        ; 0 (0)             ; 1 (1)            ; 0 (0)           ; 0 (0)      ; |lab3top|counter8bits:60|counter1bit:53                           ; work         ;
;    |lab3controller:107|                 ; 14 (14)     ; 0            ; 0           ; 0    ; 14 (14)      ; 0 (0)             ; 0 (0)            ; 0 (0)           ; 0 (0)      ; |lab3top|lab3controller:107                                       ; work         ;
;    |ram256x8:104|                       ; 0 (0)       ; 0            ; 2048        ; 0    ; 0 (0)        ; 0 (0)             ; 0 (0)            ; 0 (0)           ; 0 (0)      ; |lab3top|ram256x8:104                                             ; work         ;
;       |lpm_ram_dq:lpm_ram_dq_component| ; 0 (0)       ; 0            ; 2048        ; 0    ; 0 (0)        ; 0 (0)             ; 0 (0)            ; 0 (0)           ; 0 (0)      ; |lab3top|ram256x8:104|lpm_ram_dq:lpm_ram_dq_component             ; work         ;
;          |altram:sram|                  ; 0 (0)       ; 0            ; 2048        ; 0    ; 0 (0)        ; 0 (0)             ; 0 (0)            ; 0 (0)           ; 0 (0)      ; |lab3top|ram256x8:104|lpm_ram_dq:lpm_ram_dq_component|altram:sram ; work         ;
;    |register8bits:63|                   ; 8 (0)       ; 8            ; 0           ; 0    ; 0 (0)        ; 8 (0)             ; 0 (0)            ; 0 (0)           ; 0 (0)      ; |lab3top|register8bits:63                                         ; work         ;
;       |register1bit:23|                 ; 1 (1)       ; 1            ; 0           ; 0    ; 0 (0)        ; 1 (1)             ; 0 (0)            ; 0 (0)           ; 0 (0)      ; |lab3top|register8bits:63|register1bit:23                         ; work         ;
;       |register1bit:24|                 ; 1 (1)       ; 1            ; 0           ; 0    ; 0 (0)        ; 1 (1)             ; 0 (0)            ; 0 (0)           ; 0 (0)      ; |lab3top|register8bits:63|register1bit:24                         ; work         ;
;       |register1bit:25|                 ; 1 (1)       ; 1            ; 0           ; 0    ; 0 (0)        ; 1 (1)             ; 0 (0)            ; 0 (0)           ; 0 (0)      ; |lab3top|register8bits:63|register1bit:25                         ; work         ;
;       |register1bit:26|                 ; 1 (1)       ; 1            ; 0           ; 0    ; 0 (0)        ; 1 (1)             ; 0 (0)            ; 0 (0)           ; 0 (0)      ; |lab3top|register8bits:63|register1bit:26                         ; work         ;
;       |register1bit:27|                 ; 1 (1)       ; 1            ; 0           ; 0    ; 0 (0)        ; 1 (1)             ; 0 (0)            ; 0 (0)           ; 0 (0)      ; |lab3top|register8bits:63|register1bit:27                         ; work         ;
;       |register1bit:28|                 ; 1 (1)       ; 1            ; 0           ; 0    ; 0 (0)        ; 1 (1)             ; 0 (0)            ; 0 (0)           ; 0 (0)      ; |lab3top|register8bits:63|register1bit:28                         ; work         ;
;       |register1bit:29|                 ; 1 (1)       ; 1            ; 0           ; 0    ; 0 (0)        ; 1 (1)             ; 0 (0)            ; 0 (0)           ; 0 (0)      ; |lab3top|register8bits:63|register1bit:29                         ; work         ;
;       |register1bit:30|                 ; 1 (1)       ; 1            ; 0           ; 0    ; 0 (0)        ; 1 (1)             ; 0 (0)            ; 0 (0)           ; 0 (0)      ; |lab3top|register8bits:63|register1bit:30                         ; work         ;
;    |register8bits:64|                   ; 8 (0)       ; 8            ; 0           ; 0    ; 0 (0)        ; 0 (0)             ; 8 (0)            ; 0 (0)           ; 0 (0)      ; |lab3top|register8bits:64                                         ; work         ;
;       |register1bit:23|                 ; 1 (1)       ; 1            ; 0           ; 0    ; 0 (0)        ; 0 (0)             ; 1 (1)            ; 0 (0)           ; 0 (0)      ; |lab3top|register8bits:64|register1bit:23                         ; work         ;
;       |register1bit:24|                 ; 1 (1)       ; 1            ; 0           ; 0    ; 0 (0)        ; 0 (0)             ; 1 (1)            ; 0 (0)           ; 0 (0)      ; |lab3top|register8bits:64|register1bit:24                         ; work         ;
;       |register1bit:25|                 ; 1 (1)       ; 1            ; 0           ; 0    ; 0 (0)        ; 0 (0)             ; 1 (1)            ; 0 (0)           ; 0 (0)      ; |lab3top|register8bits:64|register1bit:25                         ; work         ;
;       |register1bit:26|                 ; 1 (1)       ; 1            ; 0           ; 0    ; 0 (0)        ; 0 (0)             ; 1 (1)            ; 0 (0)           ; 0 (0)      ; |lab3top|register8bits:64|register1bit:26                         ; work         ;
;       |register1bit:27|                 ; 1 (1)       ; 1            ; 0           ; 0    ; 0 (0)        ; 0 (0)             ; 1 (1)            ; 0 (0)           ; 0 (0)      ; |lab3top|register8bits:64|register1bit:27                         ; work         ;
;       |register1bit:28|                 ; 1 (1)       ; 1            ; 0           ; 0    ; 0 (0)        ; 0 (0)             ; 1 (1)            ; 0 (0)           ; 0 (0)      ; |lab3top|register8bits:64|register1bit:28                         ; work         ;
;       |register1bit:29|                 ; 1 (1)       ; 1            ; 0           ; 0    ; 0 (0)        ; 0 (0)             ; 1 (1)            ; 0 (0)           ; 0 (0)      ; |lab3top|register8bits:64|register1bit:29                         ; work         ;
;       |register1bit:30|                 ; 1 (1)       ; 1            ; 0           ; 0    ; 0 (0)        ; 0 (0)             ; 1 (1)            ; 0 (0)           ; 0 (0)      ; |lab3top|register8bits:64|register1bit:30                         ; work         ;
;    |register8bits:66|                   ; 8 (0)       ; 8            ; 0           ; 0    ; 0 (0)        ; 0 (0)             ; 8 (0)            ; 0 (0)           ; 0 (0)      ; |lab3top|register8bits:66                                         ; work         ;
;       |register1bit:23|                 ; 1 (1)       ; 1            ; 0           ; 0    ; 0 (0)        ; 0 (0)             ; 1 (1)            ; 0 (0)           ; 0 (0)      ; |lab3top|register8bits:66|register1bit:23                         ; work         ;
;       |register1bit:24|                 ; 1 (1)       ; 1            ; 0           ; 0    ; 0 (0)        ; 0 (0)             ; 1 (1)            ; 0 (0)           ; 0 (0)      ; |lab3top|register8bits:66|register1bit:24                         ; work         ;
;       |register1bit:25|                 ; 1 (1)       ; 1            ; 0           ; 0    ; 0 (0)        ; 0 (0)             ; 1 (1)            ; 0 (0)           ; 0 (0)      ; |lab3top|register8bits:66|register1bit:25                         ; work         ;
;       |register1bit:26|                 ; 1 (1)       ; 1            ; 0           ; 0    ; 0 (0)        ; 0 (0)             ; 1 (1)            ; 0 (0)           ; 0 (0)      ; |lab3top|register8bits:66|register1bit:26                         ; work         ;
;       |register1bit:27|                 ; 1 (1)       ; 1            ; 0           ; 0    ; 0 (0)        ; 0 (0)             ; 1 (1)            ; 0 (0)           ; 0 (0)      ; |lab3top|register8bits:66|register1bit:27                         ; work         ;
;       |register1bit:28|                 ; 1 (1)       ; 1            ; 0           ; 0    ; 0 (0)        ; 0 (0)             ; 1 (1)            ; 0 (0)           ; 0 (0)      ; |lab3top|register8bits:66|register1bit:28                         ; work         ;
;       |register1bit:29|                 ; 1 (1)       ; 1            ; 0           ; 0    ; 0 (0)        ; 0 (0)             ; 1 (1)            ; 0 (0)           ; 0 (0)      ; |lab3top|register8bits:66|register1bit:29                         ; work         ;
;       |register1bit:30|                 ; 1 (1)       ; 1            ; 0           ; 0    ; 0 (0)        ; 0 (0)             ; 1 (1)            ; 0 (0)           ; 0 (0)      ; |lab3top|register8bits:66|register1bit:30                         ; work         ;
;    |register8bits:69|                   ; 8 (0)       ; 8            ; 0           ; 0    ; 0 (0)        ; 0 (0)             ; 8 (0)            ; 0 (0)           ; 0 (0)      ; |lab3top|register8bits:69                                         ; work         ;
;       |register1bit:23|                 ; 1 (1)       ; 1            ; 0           ; 0    ; 0 (0)        ; 0 (0)             ; 1 (1)            ; 0 (0)           ; 0 (0)      ; |lab3top|register8bits:69|register1bit:23                         ; work         ;
;       |register1bit:24|                 ; 1 (1)       ; 1            ; 0           ; 0    ; 0 (0)        ; 0 (0)             ; 1 (1)            ; 0 (0)           ; 0 (0)      ; |lab3top|register8bits:69|register1bit:24                         ; work         ;
;       |register1bit:25|                 ; 1 (1)       ; 1            ; 0           ; 0    ; 0 (0)        ; 0 (0)             ; 1 (1)            ; 0 (0)           ; 0 (0)      ; |lab3top|register8bits:69|register1bit:25                         ; work         ;
;       |register1bit:26|                 ; 1 (1)       ; 1            ; 0           ; 0    ; 0 (0)        ; 0 (0)             ; 1 (1)            ; 0 (0)           ; 0 (0)      ; |lab3top|register8bits:69|register1bit:26                         ; work         ;
;       |register1bit:27|                 ; 1 (1)       ; 1            ; 0           ; 0    ; 0 (0)        ; 0 (0)             ; 1 (1)            ; 0 (0)           ; 0 (0)      ; |lab3top|register8bits:69|register1bit:27                         ; work         ;
;       |register1bit:28|                 ; 1 (1)       ; 1            ; 0           ; 0    ; 0 (0)        ; 0 (0)             ; 1 (1)            ; 0 (0)           ; 0 (0)      ; |lab3top|register8bits:69|register1bit:28                         ; work         ;
;       |register1bit:29|                 ; 1 (1)       ; 1            ; 0           ; 0    ; 0 (0)        ; 0 (0)             ; 1 (1)            ; 0 (0)           ; 0 (0)      ; |lab3top|register8bits:69|register1bit:29                         ; work         ;
;       |register1bit:30|                 ; 1 (1)       ; 1            ; 0           ; 0    ; 0 (0)        ; 0 (0)             ; 1 (1)            ; 0 (0)           ; 0 (0)      ; |lab3top|register8bits:69|register1bit:30                         ; work         ;
;    |sevensegcontroller:12|              ; 14 (0)      ; 0            ; 0           ; 0    ; 14 (0)       ; 0 (0)             ; 0 (0)            ; 0 (0)           ; 0 (0)      ; |lab3top|sevensegcontroller:12                                    ; work         ;
;       |seg7:1|                          ; 7 (7)       ; 0            ; 0           ; 0    ; 7 (7)        ; 0 (0)             ; 0 (0)            ; 0 (0)           ; 0 (0)      ; |lab3top|sevensegcontroller:12|seg7:1                             ; work         ;
;       |seg7:2|                          ; 7 (7)       ; 0            ; 0           ; 0    ; 7 (7)        ; 0 (0)             ; 0 (0)            ; 0 (0)           ; 0 (0)      ; |lab3top|sevensegcontroller:12|seg7:2                             ; work         ;
+-----------------------------------------+-------------+--------------+-------------+------+--------------+-------------------+------------------+-----------------+------------+-------------------------------------------------------------------+--------------+
Note: For table entries with two numbers listed, the numbers in parentheses indicate the number of resources of the given type used by the specific entity alone. The numbers listed outside of parentheses indicate the total resources of the given type used by the specific entity and all of its sub-entities in the hierarchy.


+---------------------------------------------------------------------------------------------------------------------------------------------------------------+
; Analysis & Synthesis RAM Summary                                                                                                                              ;
+------------------------------------------------------------------+-------------+--------------+--------------+--------------+--------------+------+-----------+
; Name                                                             ; Mode        ; Port A Depth ; Port A Width ; Port B Depth ; Port B Width ; Size ; MIF       ;
+------------------------------------------------------------------+-------------+--------------+--------------+--------------+--------------+------+-----------+
; ram256x8:104|lpm_ram_dq:lpm_ram_dq_component|altram:sram|content ; Single Port ; 256          ; 8            ; --           ; --           ; 2048 ; Adder.mif ;
+------------------------------------------------------------------+-------------+--------------+--------------+--------------+--------------+------+-----------+


+--------------------------------------------------------------------------------+
; Registers Removed During Synthesis                                             ;
+---------------------------------------+----------------------------------------+
; Register name                         ; Reason for Removal                     ;
+---------------------------------------+----------------------------------------+
; register1bit:100|1                    ; Stuck at VCC due to stuck port data_in ;
; controlregister:101|4                 ; Stuck at GND due to stuck port data_in ;
; Total Number of Removed Registers = 2 ;                                        ;
+---------------------------------------+----------------------------------------+


+-----------------------------------------------------------------------------------------+
; Removed Registers Triggering Further Register Optimizations                             ;
+--------------------+---------------------------+----------------------------------------+
; Register name      ; Reason for Removal        ; Registers Removed due to This Register ;
+--------------------+---------------------------+----------------------------------------+
; register1bit:100|1 ; Stuck at VCC              ; controlregister:101|4                  ;
;                    ; due to stuck port data_in ;                                        ;
+--------------------+---------------------------+----------------------------------------+


+------------------------------------------------------+
; General Register Statistics                          ;
+----------------------------------------------+-------+
; Statistic                                    ; Value ;
+----------------------------------------------+-------+
; Total registers                              ; 78    ;
; Number of registers using Synchronous Clear  ; 0     ;
; Number of registers using Synchronous Load   ; 0     ;
; Number of registers using Asynchronous Clear ; 0     ;
; Number of registers using Asynchronous Load  ; 0     ;
; Number of registers using Clock Enable       ; 24    ;
; Number of registers using Preset             ; 0     ;
+----------------------------------------------+-------+


+-------------------------------------------------------------------------------------------+
; Parameter Settings for User Entity Instance: ram256x8:104|lpm_ram_dq:lpm_ram_dq_component ;
+------------------------+--------------+---------------------------------------------------+
; Parameter Name         ; Value        ; Type                                              ;
+------------------------+--------------+---------------------------------------------------+
; LPM_WIDTH              ; 8            ; Signed Integer                                    ;
; LPM_WIDTHAD            ; 8            ; Signed Integer                                    ;
; LPM_NUMWORDS           ; 256          ; Untyped                                           ;
; LPM_INDATA             ; REGISTERED   ; Untyped                                           ;
; LPM_ADDRESS_CONTROL    ; REGISTERED   ; Untyped                                           ;
; LPM_OUTDATA            ; UNREGISTERED ; Untyped                                           ;
; LPM_FILE               ; Adder.mif    ; Untyped                                           ;
; USE_EAB                ; ON           ; Untyped                                           ;
; DEVICE_FAMILY          ; FLEX10K      ; Untyped                                           ;
; CBXI_PARAMETER         ; NOTHING      ; Untyped                                           ;
; AUTO_CARRY_CHAINS      ; ON           ; AUTO_CARRY                                        ;
; IGNORE_CARRY_BUFFERS   ; OFF          ; IGNORE_CARRY                                      ;
; AUTO_CASCADE_CHAINS    ; ON           ; AUTO_CASCADE                                      ;
; IGNORE_CASCADE_BUFFERS ; OFF          ; IGNORE_CASCADE                                    ;
+------------------------+--------------+---------------------------------------------------+
Note: In order to hide this table in the UI and the text report file, please set the "Show Parameter Settings Tables in Synthesis Report" option in "Analysis and Synthesis Settings -> More Settings" to "Off".


+----------------------------------------------------------------------------+
; Parameter Settings for User Entity Instance: alu8bits:47|alu1bit:9|81mux:1 ;
+------------------------+---------+-----------------------------------------+
; Parameter Name         ; Value   ; Type                                    ;
+------------------------+---------+-----------------------------------------+
; DEVICE_FAMILY          ; FLEX10K ; Untyped                                 ;
; AUTO_CARRY_CHAINS      ; ON      ; AUTO_CARRY                              ;
; IGNORE_CARRY_BUFFERS   ; OFF     ; IGNORE_CARRY                            ;
; AUTO_CASCADE_CHAINS    ; ON      ; AUTO_CASCADE                            ;
; IGNORE_CASCADE_BUFFERS ; OFF     ; IGNORE_CASCADE                          ;
+------------------------+---------+-----------------------------------------+
Note: In order to hide this table in the UI and the text report file, please set the "Show Parameter Settings Tables in Synthesis Report" option in "Analysis and Synthesis Settings -> More Settings" to "Off".


+-----------------------------------------------------------------------------+
; Parameter Settings for User Entity Instance: alu8bits:47|alu1bit:10|81mux:1 ;
+------------------------+---------+------------------------------------------+
; Parameter Name         ; Value   ; Type                                     ;
+------------------------+---------+------------------------------------------+
; DEVICE_FAMILY          ; FLEX10K ; Untyped                                  ;
; AUTO_CARRY_CHAINS      ; ON      ; AUTO_CARRY                               ;
; IGNORE_CARRY_BUFFERS   ; OFF     ; IGNORE_CARRY                             ;
; AUTO_CASCADE_CHAINS    ; ON      ; AUTO_CASCADE                             ;
; IGNORE_CASCADE_BUFFERS ; OFF     ; IGNORE_CASCADE                           ;
+------------------------+---------+------------------------------------------+
Note: In order to hide this table in the UI and the text report file, please set the "Show Parameter Settings Tables in Synthesis Report" option in "Analysis and Synthesis Settings -> More Settings" to "Off".


+-----------------------------------------------------------------------------+
; Parameter Settings for User Entity Instance: alu8bits:47|alu1bit:11|81mux:1 ;
+------------------------+---------+------------------------------------------+
; Parameter Name         ; Value   ; Type                                     ;
+------------------------+---------+------------------------------------------+
; DEVICE_FAMILY          ; FLEX10K ; Untyped                                  ;
; AUTO_CARRY_CHAINS      ; ON      ; AUTO_CARRY                               ;
; IGNORE_CARRY_BUFFERS   ; OFF     ; IGNORE_CARRY                             ;
; AUTO_CASCADE_CHAINS    ; ON      ; AUTO_CASCADE                             ;
; IGNORE_CASCADE_BUFFERS ; OFF     ; IGNORE_CASCADE                           ;
+------------------------+---------+------------------------------------------+
Note: In order to hide this table in the UI and the text report file, please set the "Show Parameter Settings Tables in Synthesis Report" option in "Analysis and Synthesis Settings -> More Settings" to "Off".


+-----------------------------------------------------------------------------+
; Parameter Settings for User Entity Instance: alu8bits:47|alu1bit:12|81mux:1 ;
+------------------------+---------+------------------------------------------+
; Parameter Name         ; Value   ; Type                                     ;
+------------------------+---------+------------------------------------------+
; DEVICE_FAMILY          ; FLEX10K ; Untyped                                  ;
; AUTO_CARRY_CHAINS      ; ON      ; AUTO_CARRY                               ;
; IGNORE_CARRY_BUFFERS   ; OFF     ; IGNORE_CARRY                             ;
; AUTO_CASCADE_CHAINS    ; ON      ; AUTO_CASCADE                             ;
; IGNORE_CASCADE_BUFFERS ; OFF     ; IGNORE_CASCADE                           ;
+------------------------+---------+------------------------------------------+
Note: In order to hide this table in the UI and the text report file, please set the "Show Parameter Settings Tables in Synthesis Report" option in "Analysis and Synthesis Settings -> More Settings" to "Off".


+-----------------------------------------------------------------------------+
; Parameter Settings for User Entity Instance: alu8bits:47|alu1bit:16|81mux:1 ;
+------------------------+---------+------------------------------------------+
; Parameter Name         ; Value   ; Type                                     ;
+------------------------+---------+------------------------------------------+
; DEVICE_FAMILY          ; FLEX10K ; Untyped                                  ;
; AUTO_CARRY_CHAINS      ; ON      ; AUTO_CARRY                               ;
; IGNORE_CARRY_BUFFERS   ; OFF     ; IGNORE_CARRY                             ;
; AUTO_CASCADE_CHAINS    ; ON      ; AUTO_CASCADE                             ;
; IGNORE_CASCADE_BUFFERS ; OFF     ; IGNORE_CASCADE                           ;
+------------------------+---------+------------------------------------------+
Note: In order to hide this table in the UI and the text report file, please set the "Show Parameter Settings Tables in Synthesis Report" option in "Analysis and Synthesis Settings -> More Settings" to "Off".


+-----------------------------------------------------------------------------+
; Parameter Settings for User Entity Instance: alu8bits:47|alu1bit:15|81mux:1 ;
+------------------------+---------+------------------------------------------+
; Parameter Name         ; Value   ; Type                                     ;
+------------------------+---------+------------------------------------------+
; DEVICE_FAMILY          ; FLEX10K ; Untyped                                  ;
; AUTO_CARRY_CHAINS      ; ON      ; AUTO_CARRY                               ;
; IGNORE_CARRY_BUFFERS   ; OFF     ; IGNORE_CARRY                             ;
; AUTO_CASCADE_CHAINS    ; ON      ; AUTO_CASCADE                             ;
; IGNORE_CASCADE_BUFFERS ; OFF     ; IGNORE_CASCADE                           ;
+------------------------+---------+------------------------------------------+
Note: In order to hide this table in the UI and the text report file, please set the "Show Parameter Settings Tables in Synthesis Report" option in "Analysis and Synthesis Settings -> More Settings" to "Off".


+-----------------------------------------------------------------------------+
; Parameter Settings for User Entity Instance: alu8bits:47|alu1bit:14|81mux:1 ;
+------------------------+---------+------------------------------------------+
; Parameter Name         ; Value   ; Type                                     ;
+------------------------+---------+------------------------------------------+
; DEVICE_FAMILY          ; FLEX10K ; Untyped                                  ;
; AUTO_CARRY_CHAINS      ; ON      ; AUTO_CARRY                               ;
; IGNORE_CARRY_BUFFERS   ; OFF     ; IGNORE_CARRY                             ;
; AUTO_CASCADE_CHAINS    ; ON      ; AUTO_CASCADE                             ;
; IGNORE_CASCADE_BUFFERS ; OFF     ; IGNORE_CASCADE                           ;
+------------------------+---------+------------------------------------------+
Note: In order to hide this table in the UI and the text report file, please set the "Show Parameter Settings Tables in Synthesis Report" option in "Analysis and Synthesis Settings -> More Settings" to "Off".


+-----------------------------------------------------------------------------+
; Parameter Settings for User Entity Instance: alu8bits:47|alu1bit:13|81mux:1 ;
+------------------------+---------+------------------------------------------+
; Parameter Name         ; Value   ; Type                                     ;
+------------------------+---------+------------------------------------------+
; DEVICE_FAMILY          ; FLEX10K ; Untyped                                  ;
; AUTO_CARRY_CHAINS      ; ON      ; AUTO_CARRY                               ;
; IGNORE_CARRY_BUFFERS   ; OFF     ; IGNORE_CARRY                             ;
; AUTO_CASCADE_CHAINS    ; ON      ; AUTO_CASCADE                             ;
; IGNORE_CASCADE_BUFFERS ; OFF     ; IGNORE_CASCADE                           ;
+------------------------+---------+------------------------------------------+
Note: In order to hide this table in the UI and the text report file, please set the "Show Parameter Settings Tables in Synthesis Report" option in "Analysis and Synthesis Settings -> More Settings" to "Off".


+-------------------------------+
; Analysis & Synthesis Messages ;
+-------------------------------+
Info: *******************************************************************
Info: Running Quartus II Analysis & Synthesis
    Info: Version 9.0 Build 235 06/17/2009 Service Pack 2 SJ Web Edition
    Info: Processing started: Thu Nov 20 14:19:10 2014
Info: Command: quartus_map --read_settings_files=on --write_settings_files=off CEG_Lab4 -c CEG_Lab4
Info: Found 1 design units, including 1 entities, in source file supportfiles/alu1bit.bdf
    Info: Found entity 1: alu1bit
Info: Found 1 design units, including 1 entities, in source file supportfiles/alu8bits.bdf
    Info: Found entity 1: alu8bits
Info: Found 2 design units, including 1 entities, in source file supportfiles/busmultiplexer.vhd
    Info: Found design unit 1: busmultiplexer-busmuxarch
    Info: Found entity 1: busmultiplexer
Info: Found 1 design units, including 1 entities, in source file supportfiles/controlregister.bdf
    Info: Found entity 1: controlregister
Info: Found 1 design units, including 1 entities, in source file supportfiles/counter1bit.bdf
    Info: Found entity 1: counter1bit
Info: Found 1 design units, including 1 entities, in source file supportfiles/counter4bits.bdf
    Info: Found entity 1: counter4bits
Info: Found 1 design units, including 1 entities, in source file supportfiles/counter8bits.bdf
    Info: Found entity 1: counter8bits
Info: Found 1 design units, including 1 entities, in source file supportfiles/fulladder1bit.bdf
    Info: Found entity 1: fulladder1bit
Info: Found 1 design units, including 1 entities, in source file supportfiles/lab3controller.bdf
    Info: Found entity 1: lab3controller
Info: Found 1 design units, including 1 entities, in source file supportfiles/lab3top.bdf
    Info: Found entity 1: lab3top
Info: Found 1 design units, including 1 entities, in source file supportfiles/partialadder1bit.bdf
    Info: Found entity 1: partialadder1bit
Info: Found 2 design units, including 1 entities, in source file supportfiles/ram256x8.vhd
    Info: Found design unit 1: ram256x8-SYN
    Info: Found entity 1: ram256x8
Info: Found 1 design units, including 1 entities, in source file supportfiles/register1bit.bdf
    Info: Found entity 1: register1bit
Info: Found 1 design units, including 1 entities, in source file supportfiles/register8bits.bdf
    Info: Found entity 1: register8bits
Info: Found 2 design units, including 1 entities, in source file supportfiles/seg7.vhd
    Info: Found design unit 1: SEG7-display
    Info: Found entity 1: seg7
Info: Found 1 design units, including 1 entities, in source file supportfiles/sevensegcontroller.bdf
    Info: Found entity 1: sevensegcontroller
Info: Elaborating entity "lab3top" for the top level hierarchy
Warning: Bus "DIP7" is found using same base name "DIP7" which might lead to names conflict.
Warning: Bus "BusSel2" is found using same base name "BusSel2" which might lead to names conflict.
Warning: Bus "BusSel1" is found using same base name "BusSel1" which might lead to names conflict.
Warning: Bus "BusSel0" is found using same base name "BusSel0" which might lead to names conflict.
Warning: Bus "BusSel1" is found using same base name "BusSel1" which might lead to names conflict.
Warning: Bus "BusSel0" is found using same base name "BusSel0" which might lead to names conflict.
Warning: Bus "BusSel2" is found using same base name "BusSel2" which might lead to names conflict.
Warning: Converted elements in bus name "BusSel" using legacy naming rules. Make any assignments on the new names, not on the original names.
    Warning: Converted element name(s) from "BusSel[2..0]" to "BusSel2..0"
Warning: Converted elements in bus name "DIP" using legacy naming rules. Make any assignments on the new names, not on the original names.
    Warning: Converted element name(s) from "DIP[7..0]" to "DIP7..0"
Info: Elaborating entity "sevensegcontroller" for hierarchy "sevensegcontroller:12"
Info: Elaborating entity "seg7" for hierarchy "sevensegcontroller:12|seg7:2"
Info: Elaborating entity "register8bits" for hierarchy "register8bits:66"
Info: Elaborating entity "register1bit" for hierarchy "register8bits:66|register1bit:23"
Info: Elaborating entity "controlregister" for hierarchy "controlregister:101"
Info: Elaborating entity "lab3controller" for hierarchy "lab3controller:107"
Warning: Pin "T4" not connected
Warning: Primitive "GND" of instance "29" not used
Warning: Primitive "AND2" of instance "inst" not used
Warning: Primitive "NOT" of instance "inst3" not used
Warning: Primitive "NOT" of instance "inst4" not used
Info: Elaborating entity "busmultiplexer" for hierarchy "busmultiplexer:67"
Info: Elaborating entity "ram256x8" for hierarchy "ram256x8:104"
Info: Elaborating entity "lpm_ram_dq" for hierarchy "ram256x8:104|lpm_ram_dq:lpm_ram_dq_component"
Info: Elaborated megafunction instantiation "ram256x8:104|lpm_ram_dq:lpm_ram_dq_component"
Info: Instantiated megafunction "ram256x8:104|lpm_ram_dq:lpm_ram_dq_component" with the following parameter:
    Info: Parameter "intended_device_family" = "FLEX10K"
    Info: Parameter "lpm_address_control" = "REGISTERED"
    Info: Parameter "lpm_file" = "Adder.mif"
    Info: Parameter "lpm_indata" = "REGISTERED"
    Info: Parameter "lpm_outdata" = "UNREGISTERED"
    Info: Parameter "lpm_type" = "LPM_RAM_DQ"
    Info: Parameter "lpm_width" = "8"
    Info: Parameter "lpm_widthad" = "8"
Info: Elaborating entity "altram" for hierarchy "ram256x8:104|lpm_ram_dq:lpm_ram_dq_component|altram:sram"
Info: Elaborated megafunction instantiation "ram256x8:104|lpm_ram_dq:lpm_ram_dq_component|altram:sram", which is child of megafunction instantiation "ram256x8:104|lpm_ram_dq:lpm_ram_dq_component"
Info: Elaborating entity "counter8bits" for hierarchy "counter8bits:60"
Info: Elaborating entity "counter1bit" for hierarchy "counter8bits:60|counter1bit:49"
Info: Elaborating entity "alu8bits" for hierarchy "alu8bits:47"
Info: Elaborating entity "alu1bit" for hierarchy "alu8bits:47|alu1bit:9"
Info: Elaborating entity "81mux" for hierarchy "alu8bits:47|alu1bit:9|81mux:1"
Info: Elaborated megafunction instantiation "alu8bits:47|alu1bit:9|81mux:1"
Info: Elaborating entity "f81mux" for hierarchy "alu8bits:47|alu1bit:9|81mux:1|f81mux:sub"
Info: Elaborated megafunction instantiation "alu8bits:47|alu1bit:9|81mux:1|f81mux:sub", which is child of megafunction instantiation "alu8bits:47|alu1bit:9|81mux:1"
Info: Elaborating entity "partialadder1bit" for hierarchy "alu8bits:47|alu1bit:9|partialadder1bit:21"
Info: Elaborating entity "74182" for hierarchy "alu8bits:47|74182:2"
Info: Elaborated megafunction instantiation "alu8bits:47|74182:2"
Info: Elaborating entity "16dmux" for hierarchy "16dmux:99"
Info: Elaborated megafunction instantiation "16dmux:99"
Info: Elaborating entity "counter4bits" for hierarchy "counter4bits:98"
Warning: Output pins are stuck at VCC or GND
    Warning (13410): Pin "dec2" is stuck at VCC
    Warning (13410): Pin "PC_Inc" is stuck at GND
    Warning (13410): Pin "dec1" is stuck at VCC
Info: Implemented 312 device resources after synthesis - the final resource count might be different
    Info: Implemented 9 input pins
    Info: Implemented 43 output pins
    Info: Implemented 252 logic cells
    Info: Implemented 8 RAM segments
Info: Quartus II Analysis & Synthesis was successful. 0 errors, 20 warnings
    Info: Peak virtual memory: 232 megabytes
    Info: Processing ended: Thu Nov 20 14:19:26 2014
    Info: Elapsed time: 00:00:16
    Info: Total CPU time (on all processors): 00:00:07


