Flow report for CEG_Lab4
Thu Nov 20 14:19:49 2014
Quartus II Version 9.0 Build 235 06/17/2009 Service Pack 2 SJ Web Edition


---------------------
; Table of Contents ;
---------------------
  1. Legal Notice
  2. Flow Summary
  3. Flow Settings
  4. Flow Non-Default Global Settings
  5. Flow Elapsed Time
  6. Flow OS Summary
  7. Flow Log



----------------
; Legal Notice ;
----------------
Copyright (C) 1991-2009 Altera Corporation
Your use of Altera Corporation's design tools, logic functions 
and other software and tools, and its AMPP partner logic 
functions, and any output files from any of the foregoing 
(including device programming or simulation files), and any 
associated documentation or information are expressly subject 
to the terms and conditions of the Altera Program License 
Subscription Agreement, Altera MegaCore Function License 
Agreement, or other applicable license agreement, including, 
without limitation, that your use is for the sole purpose of 
programming logic devices manufactured by Altera and sold by 
Altera or its authorized distributors.  Please refer to the 
applicable agreement for further details.



+------------------------------------------------------------------------+
; Flow Summary                                                           ;
+-------------------------+----------------------------------------------+
; Flow Status             ; Successful - Thu Nov 20 14:19:49 2014        ;
; Quartus II Version      ; 9.0 Build 235 06/17/2009 SP 2 SJ Web Edition ;
; Revision Name           ; CEG_Lab4                                     ;
; Top-level Entity Name   ; lab3top                                      ;
; Family                  ; FLEX10K                                      ;
; Device                  ; EPF10K70RC240-4                              ;
; Timing Models           ; Final                                        ;
; Met timing requirements ; Yes                                          ;
; Total logic elements    ; 252 / 3,744 ( 7 % )                          ;
; Total pins              ; 52 / 189 ( 28 % )                            ;
; Total memory bits       ; 2,048 / 18,432 ( 11 % )                      ;
+-------------------------+----------------------------------------------+


+-----------------------------------------+
; Flow Settings                           ;
+-------------------+---------------------+
; Option            ; Setting             ;
+-------------------+---------------------+
; Start date & time ; 11/20/2014 14:19:12 ;
; Main task         ; Compilation         ;
; Revision Name     ; CEG_Lab4            ;
+-------------------+---------------------+


+--------------------------------------------------------------------------------------------------------------------------+
; Flow Non-Default Global Settings                                                                                         ;
+------------------------------------+--------------------------------------+---------------+-------------+----------------+
; Assignment Name                    ; Value                                ; Default Value ; Entity Name ; Section Id     ;
+------------------------------------+--------------------------------------+---------------+-------------+----------------+
; COMPILER_SIGNATURE_ID              ; 158513290137.141651115105216         ; --            ; --          ; --             ;
; MISC_FILE                          ; E:/CEG2136 Lab4/CEGLab4/CEG_Lab4.dpf ; --            ; --          ; --             ;
; TOP_LEVEL_ENTITY                   ; lab3top                              ; CEG_Lab4      ; --          ; --             ;
; USE_GENERATED_PHYSICAL_CONSTRAINTS ; Off                                  ; --            ; --          ; eda_blast_fpga ;
+------------------------------------+--------------------------------------+---------------+-------------+----------------+


+-----------------------------------------------------------------------------------------------------------------------------+
; Flow Elapsed Time                                                                                                           ;
+-------------------------+--------------+-------------------------+---------------------+------------------------------------+
; Module Name             ; Elapsed Time ; Average Processors Used ; Peak Virtual Memory ; Total CPU Time (on all processors) ;
+-------------------------+--------------+-------------------------+---------------------+------------------------------------+
; Analysis & Synthesis    ; 00:00:16     ; 1.0                     ; 232 MB              ; 00:00:07                           ;
; Fitter                  ; 00:00:10     ; 1.0                     ; 203 MB              ; 00:00:09                           ;
; Assembler               ; 00:00:03     ; 1.0                     ; 192 MB              ; 00:00:01                           ;
; Classic Timing Analyzer ; 00:00:01     ; 1.0                     ; 161 MB              ; 00:00:00                           ;
; Total                   ; 00:00:30     ; --                      ; --                  ; 00:00:17                           ;
+-------------------------+--------------+-------------------------+---------------------+------------------------------------+


+------------------------------------------------------------------------------------------+
; Flow OS Summary                                                                          ;
+-------------------------+------------------+---------------+------------+----------------+
; Module Name             ; Machine Hostname ; OS Name       ; OS Version ; Processor type ;
+-------------------------+------------------+---------------+------------+----------------+
; Analysis & Synthesis    ; B302S23          ; Windows Vista ; 6.1        ; i686           ;
; Fitter                  ; B302S23          ; Windows Vista ; 6.1        ; i686           ;
; Assembler               ; B302S23          ; Windows Vista ; 6.1        ; i686           ;
; Classic Timing Analyzer ; B302S23          ; Windows Vista ; 6.1        ; i686           ;
+-------------------------+------------------+---------------+------------+----------------+


------------
; Flow Log ;
------------
quartus_map --read_settings_files=on --write_settings_files=off CEG_Lab4 -c CEG_Lab4
quartus_fit --read_settings_files=off --write_settings_files=off CEG_Lab4 -c CEG_Lab4
quartus_asm --read_settings_files=off --write_settings_files=off CEG_Lab4 -c CEG_Lab4
quartus_tan --read_settings_files=off --write_settings_files=off CEG_Lab4 -c CEG_Lab4



