Classic Timing Analyzer report for CEG_Lab4
Thu Nov 20 14:19:49 2014
Quartus II Version 9.0 Build 235 06/17/2009 Service Pack 2 SJ Web Edition


---------------------
; Table of Contents ;
---------------------
  1. Legal Notice
  2. Timing Analyzer Summary
  3. Timing Analyzer Settings
  4. Clock Settings Summary
  5. Parallel Compilation
  6. Clock Setup: 'clk'
  7. tsu
  8. tco
  9. th
 10. Timing Analyzer Messages



----------------
; Legal Notice ;
----------------
Copyright (C) 1991-2009 Altera Corporation
Your use of Altera Corporation's design tools, logic functions 
and other software and tools, and its AMPP partner logic 
functions, and any output files from any of the foregoing 
(including device programming or simulation files), and any 
associated documentation or information are expressly subject 
to the terms and conditions of the Altera Program License 
Subscription Agreement, Altera MegaCore Function License 
Agreement, or other applicable license agreement, including, 
without limitation, that your use is for the sole purpose of 
programming logic devices manufactured by Altera and sold by 
Altera or its authorized distributors.  Please refer to the 
applicable agreement for further details.



+---------------------------------------------------------------------------------------------------------------------------------------------------------------------------------------------------------------------------------------------+
; Timing Analyzer Summary                                                                                                                                                                                                                     ;
+------------------------------+-------+---------------+----------------------------------+-----------------------------------------------------------------------+------------------------------------+------------+----------+--------------+
; Type                         ; Slack ; Required Time ; Actual Time                      ; From                                                                  ; To                                 ; From Clock ; To Clock ; Failed Paths ;
+------------------------------+-------+---------------+----------------------------------+-----------------------------------------------------------------------+------------------------------------+------------+----------+--------------+
; Worst-case tsu               ; N/A   ; None          ; 18.700 ns                        ; DIP0                                                                  ; register8bits:63|register1bit:23|1 ; --         ; clk      ; 0            ;
; Worst-case tco               ; N/A   ; None          ; 25.400 ns                        ; register8bits:66|register1bit:29|1                                    ; f1                                 ; clk        ; --       ; 0            ;
; Worst-case th                ; N/A   ; None          ; -5.500 ns                        ; DIP7                                                                  ; register8bits:63|register1bit:30|1 ; --         ; clk      ; 0            ;
; Clock Setup: 'clk'           ; N/A   ; None          ; 16.39 MHz ( period = 61.000 ns ) ; ram256x8:104|lpm_ram_dq:lpm_ram_dq_component|altram:sram|q[4]~reg_wa7 ; counter8bits:60|counter1bit:50|1   ; clk        ; clk      ; 0            ;
; Total number of failed paths ;       ;               ;                                  ;                                                                       ;                                    ;            ;          ; 0            ;
+------------------------------+-------+---------------+----------------------------------+-----------------------------------------------------------------------+------------------------------------+------------+----------+--------------+


+--------------------------------------------------------------------------------------------------------------------+
; Timing Analyzer Settings                                                                                           ;
+---------------------------------------------------------------------+--------------------+------+----+-------------+
; Option                                                              ; Setting            ; From ; To ; Entity Name ;
+---------------------------------------------------------------------+--------------------+------+----+-------------+
; Device Name                                                         ; EPF10K70RC240-4    ;      ;    ;             ;
; Timing Models                                                       ; Final              ;      ;    ;             ;
; Default hold multicycle                                             ; Same as Multicycle ;      ;    ;             ;
; Cut paths between unrelated clock domains                           ; On                 ;      ;    ;             ;
; Cut off read during write signal paths                              ; On                 ;      ;    ;             ;
; Cut off feedback from I/O pins                                      ; On                 ;      ;    ;             ;
; Report Combined Fast/Slow Timing                                    ; Off                ;      ;    ;             ;
; Ignore Clock Settings                                               ; Off                ;      ;    ;             ;
; Analyze latches as synchronous elements                             ; On                 ;      ;    ;             ;
; Enable Recovery/Removal analysis                                    ; Off                ;      ;    ;             ;
; Enable Clock Latency                                                ; Off                ;      ;    ;             ;
; Use TimeQuest Timing Analyzer                                       ; Off                ;      ;    ;             ;
; Number of source nodes to report per destination node               ; 10                 ;      ;    ;             ;
; Number of destination nodes to report                               ; 10                 ;      ;    ;             ;
; Number of paths to report                                           ; 200                ;      ;    ;             ;
; Report Minimum Timing Checks                                        ; Off                ;      ;    ;             ;
; Use Fast Timing Models                                              ; Off                ;      ;    ;             ;
; Report IO Paths Separately                                          ; Off                ;      ;    ;             ;
; Perform Multicorner Analysis                                        ; Off                ;      ;    ;             ;
; Reports the worst-case path for each clock domain and analysis      ; Off                ;      ;    ;             ;
; Removes common clock path pessimism (CCPP) during slack computation ; Off                ;      ;    ;             ;
; Output I/O Timing Endpoint                                          ; Near End           ;      ;    ;             ;
+---------------------------------------------------------------------+--------------------+------+----+-------------+


+------------------------------------------------------------------------------------------------------------------------------------------------------------------------------------+
; Clock Settings Summary                                                                                                                                                             ;
+-----------------+--------------------+----------+------------------+---------------+--------------+----------+-----------------------+---------------------+--------+--------------+
; Clock Node Name ; Clock Setting Name ; Type     ; Fmax Requirement ; Early Latency ; Late Latency ; Based on ; Multiply Base Fmax by ; Divide Base Fmax by ; Offset ; Phase offset ;
+-----------------+--------------------+----------+------------------+---------------+--------------+----------+-----------------------+---------------------+--------+--------------+
; clk             ;                    ; User Pin ; None             ; 0.000 ns      ; 0.000 ns     ; --       ; N/A                   ; N/A                 ; N/A    ;              ;
+-----------------+--------------------+----------+------------------+---------------+--------------+----------+-----------------------+---------------------+--------+--------------+


Parallel compilation was disabled, but you have multiple processors available. Enable parallel compilation to reduce compilation time.
+-------------------------------------+
; Parallel Compilation                ;
+----------------------------+--------+
; Processors                 ; Number ;
+----------------------------+--------+
; Number detected on machine ; 2      ;
; Maximum allowed            ; 1      ;
+----------------------------+--------+


+----------------------------------------------------------------------------------------------------------------------------------------------------------------------------------------------------------------------------------------------------------------------------------------------------------------------+
; Clock Setup: 'clk'                                                                                                                                                                                                                                                                                                   ;
+-----------------------------------------+-----------------------------------------------------+-----------------------------------------------------------------------+----------------------------------+------------+----------+-----------------------------+---------------------------+-------------------------+
; Slack                                   ; Actual fmax (period)                                ; From                                                                  ; To                               ; From Clock ; To Clock ; Required Setup Relationship ; Required Longest P2P Time ; Actual Longest P2P Time ;
+-----------------------------------------+-----------------------------------------------------+-----------------------------------------------------------------------+----------------------------------+------------+----------+-----------------------------+---------------------------+-------------------------+
; N/A                                     ; 16.39 MHz ( period = 61.000 ns )                    ; ram256x8:104|lpm_ram_dq:lpm_ram_dq_component|altram:sram|q[4]~reg_ra0 ; counter8bits:59|counter1bit:50|1 ; clk        ; clk      ; None                        ; None                      ; 27.300 ns               ;
; N/A                                     ; 16.39 MHz ( period = 61.000 ns )                    ; ram256x8:104|lpm_ram_dq:lpm_ram_dq_component|altram:sram|q[4]~reg_ra1 ; counter8bits:59|counter1bit:50|1 ; clk        ; clk      ; None                        ; None                      ; 27.300 ns               ;
; N/A                                     ; 16.39 MHz ( period = 61.000 ns )                    ; ram256x8:104|lpm_ram_dq:lpm_ram_dq_component|altram:sram|q[4]~reg_ra2 ; counter8bits:59|counter1bit:50|1 ; clk        ; clk      ; None                        ; None                      ; 27.300 ns               ;
; N/A                                     ; 16.39 MHz ( period = 61.000 ns )                    ; ram256x8:104|lpm_ram_dq:lpm_ram_dq_component|altram:sram|q[4]~reg_ra3 ; counter8bits:59|counter1bit:50|1 ; clk        ; clk      ; None                        ; None                      ; 27.300 ns               ;
; N/A                                     ; 16.39 MHz ( period = 61.000 ns )                    ; ram256x8:104|lpm_ram_dq:lpm_ram_dq_component|altram:sram|q[4]~reg_ra4 ; counter8bits:59|counter1bit:50|1 ; clk        ; clk      ; None                        ; None                      ; 27.300 ns               ;
; N/A                                     ; 16.39 MHz ( period = 61.000 ns )                    ; ram256x8:104|lpm_ram_dq:lpm_ram_dq_component|altram:sram|q[4]~reg_ra5 ; counter8bits:59|counter1bit:50|1 ; clk        ; clk      ; None                        ; None                      ; 27.300 ns               ;
; N/A                                     ; 16.39 MHz ( period = 61.000 ns )                    ; ram256x8:104|lpm_ram_dq:lpm_ram_dq_component|altram:sram|q[4]~reg_ra6 ; counter8bits:59|counter1bit:50|1 ; clk        ; clk      ; None                        ; None                      ; 27.300 ns               ;
; N/A                                     ; 16.39 MHz ( period = 61.000 ns )                    ; ram256x8:104|lpm_ram_dq:lpm_ram_dq_component|altram:sram|q[4]~reg_ra7 ; counter8bits:59|counter1bit:50|1 ; clk        ; clk      ; None                        ; None                      ; 27.300 ns               ;
; N/A                                     ; 16.39 MHz ( period = 61.000 ns )                    ; ram256x8:104|lpm_ram_dq:lpm_ram_dq_component|altram:sram|q[4]~reg_wa0 ; counter8bits:59|counter1bit:50|1 ; clk        ; clk      ; None                        ; None                      ; 27.300 ns               ;
; N/A                                     ; 16.39 MHz ( period = 61.000 ns )                    ; ram256x8:104|lpm_ram_dq:lpm_ram_dq_component|altram:sram|q[4]~reg_wa1 ; counter8bits:59|counter1bit:50|1 ; clk        ; clk      ; None                        ; None                      ; 27.300 ns               ;
; N/A                                     ; 16.39 MHz ( period = 61.000 ns )                    ; ram256x8:104|lpm_ram_dq:lpm_ram_dq_component|altram:sram|q[4]~reg_wa2 ; counter8bits:59|counter1bit:50|1 ; clk        ; clk      ; None                        ; None                      ; 27.300 ns               ;
; N/A                                     ; 16.39 MHz ( period = 61.000 ns )                    ; ram256x8:104|lpm_ram_dq:lpm_ram_dq_component|altram:sram|q[4]~reg_wa3 ; counter8bits:59|counter1bit:50|1 ; clk        ; clk      ; None                        ; None                      ; 27.300 ns               ;
; N/A                                     ; 16.39 MHz ( period = 61.000 ns )                    ; ram256x8:104|lpm_ram_dq:lpm_ram_dq_component|altram:sram|q[4]~reg_wa4 ; counter8bits:59|counter1bit:50|1 ; clk        ; clk      ; None                        ; None                      ; 27.300 ns               ;
; N/A                                     ; 16.39 MHz ( period = 61.000 ns )                    ; ram256x8:104|lpm_ram_dq:lpm_ram_dq_component|altram:sram|q[4]~reg_wa5 ; counter8bits:59|counter1bit:50|1 ; clk        ; clk      ; None                        ; None                      ; 27.300 ns               ;
; N/A                                     ; 16.39 MHz ( period = 61.000 ns )                    ; ram256x8:104|lpm_ram_dq:lpm_ram_dq_component|altram:sram|q[4]~reg_wa6 ; counter8bits:59|counter1bit:50|1 ; clk        ; clk      ; None                        ; None                      ; 27.300 ns               ;
; N/A                                     ; 16.39 MHz ( period = 61.000 ns )                    ; ram256x8:104|lpm_ram_dq:lpm_ram_dq_component|altram:sram|q[4]~reg_wa7 ; counter8bits:59|counter1bit:50|1 ; clk        ; clk      ; None                        ; None                      ; 27.300 ns               ;
; N/A                                     ; 16.39 MHz ( period = 61.000 ns )                    ; ram256x8:104|lpm_ram_dq:lpm_ram_dq_component|altram:sram|q[4]~reg_ra0 ; counter8bits:60|counter1bit:50|1 ; clk        ; clk      ; None                        ; None                      ; 27.300 ns               ;
; N/A                                     ; 16.39 MHz ( period = 61.000 ns )                    ; ram256x8:104|lpm_ram_dq:lpm_ram_dq_component|altram:sram|q[4]~reg_ra1 ; counter8bits:60|counter1bit:50|1 ; clk        ; clk      ; None                        ; None                      ; 27.300 ns               ;
; N/A                                     ; 16.39 MHz ( period = 61.000 ns )                    ; ram256x8:104|lpm_ram_dq:lpm_ram_dq_component|altram:sram|q[4]~reg_ra2 ; counter8bits:60|counter1bit:50|1 ; clk        ; clk      ; None                        ; None                      ; 27.300 ns               ;
; N/A                                     ; 16.39 MHz ( period = 61.000 ns )                    ; ram256x8:104|lpm_ram_dq:lpm_ram_dq_component|altram:sram|q[4]~reg_ra3 ; counter8bits:60|counter1bit:50|1 ; clk        ; clk      ; None                        ; None                      ; 27.300 ns               ;
; N/A                                     ; 16.39 MHz ( period = 61.000 ns )                    ; ram256x8:104|lpm_ram_dq:lpm_ram_dq_component|altram:sram|q[4]~reg_ra4 ; counter8bits:60|counter1bit:50|1 ; clk        ; clk      ; None                        ; None                      ; 27.300 ns               ;
; N/A                                     ; 16.39 MHz ( period = 61.000 ns )                    ; ram256x8:104|lpm_ram_dq:lpm_ram_dq_component|altram:sram|q[4]~reg_ra5 ; counter8bits:60|counter1bit:50|1 ; clk        ; clk      ; None                        ; None                      ; 27.300 ns               ;
; N/A                                     ; 16.39 MHz ( period = 61.000 ns )                    ; ram256x8:104|lpm_ram_dq:lpm_ram_dq_component|altram:sram|q[4]~reg_ra6 ; counter8bits:60|counter1bit:50|1 ; clk        ; clk      ; None                        ; None                      ; 27.300 ns               ;
; N/A                                     ; 16.39 MHz ( period = 61.000 ns )                    ; ram256x8:104|lpm_ram_dq:lpm_ram_dq_component|altram:sram|q[4]~reg_ra7 ; counter8bits:60|counter1bit:50|1 ; clk        ; clk      ; None                        ; None                      ; 27.300 ns               ;
; N/A                                     ; 16.39 MHz ( period = 61.000 ns )                    ; ram256x8:104|lpm_ram_dq:lpm_ram_dq_component|altram:sram|q[4]~reg_wa0 ; counter8bits:60|counter1bit:50|1 ; clk        ; clk      ; None                        ; None                      ; 27.300 ns               ;
; N/A                                     ; 16.39 MHz ( period = 61.000 ns )                    ; ram256x8:104|lpm_ram_dq:lpm_ram_dq_component|altram:sram|q[4]~reg_wa1 ; counter8bits:60|counter1bit:50|1 ; clk        ; clk      ; None                        ; None                      ; 27.300 ns               ;
; N/A                                     ; 16.39 MHz ( period = 61.000 ns )                    ; ram256x8:104|lpm_ram_dq:lpm_ram_dq_component|altram:sram|q[4]~reg_wa2 ; counter8bits:60|counter1bit:50|1 ; clk        ; clk      ; None                        ; None                      ; 27.300 ns               ;
; N/A                                     ; 16.39 MHz ( period = 61.000 ns )                    ; ram256x8:104|lpm_ram_dq:lpm_ram_dq_component|altram:sram|q[4]~reg_wa3 ; counter8bits:60|counter1bit:50|1 ; clk        ; clk      ; None                        ; None                      ; 27.300 ns               ;
; N/A                                     ; 16.39 MHz ( period = 61.000 ns )                    ; ram256x8:104|lpm_ram_dq:lpm_ram_dq_component|altram:sram|q[4]~reg_wa4 ; counter8bits:60|counter1bit:50|1 ; clk        ; clk      ; None                        ; None                      ; 27.300 ns               ;
; N/A                                     ; 16.39 MHz ( period = 61.000 ns )                    ; ram256x8:104|lpm_ram_dq:lpm_ram_dq_component|altram:sram|q[4]~reg_wa5 ; counter8bits:60|counter1bit:50|1 ; clk        ; clk      ; None                        ; None                      ; 27.300 ns               ;
; N/A                                     ; 16.39 MHz ( period = 61.000 ns )                    ; ram256x8:104|lpm_ram_dq:lpm_ram_dq_component|altram:sram|q[4]~reg_wa6 ; counter8bits:60|counter1bit:50|1 ; clk        ; clk      ; None                        ; None                      ; 27.300 ns               ;
; N/A                                     ; 16.39 MHz ( period = 61.000 ns )                    ; ram256x8:104|lpm_ram_dq:lpm_ram_dq_component|altram:sram|q[4]~reg_wa7 ; counter8bits:60|counter1bit:50|1 ; clk        ; clk      ; None                        ; None                      ; 27.300 ns               ;
; N/A                                     ; 16.45 MHz ( period = 60.800 ns )                    ; ram256x8:104|lpm_ram_dq:lpm_ram_dq_component|altram:sram|q[0]~reg_ra0 ; counter8bits:59|counter1bit:49|1 ; clk        ; clk      ; None                        ; None                      ; 27.200 ns               ;
; N/A                                     ; 16.45 MHz ( period = 60.800 ns )                    ; ram256x8:104|lpm_ram_dq:lpm_ram_dq_component|altram:sram|q[0]~reg_ra1 ; counter8bits:59|counter1bit:49|1 ; clk        ; clk      ; None                        ; None                      ; 27.200 ns               ;
; N/A                                     ; 16.45 MHz ( period = 60.800 ns )                    ; ram256x8:104|lpm_ram_dq:lpm_ram_dq_component|altram:sram|q[0]~reg_ra2 ; counter8bits:59|counter1bit:49|1 ; clk        ; clk      ; None                        ; None                      ; 27.200 ns               ;
; N/A                                     ; 16.45 MHz ( period = 60.800 ns )                    ; ram256x8:104|lpm_ram_dq:lpm_ram_dq_component|altram:sram|q[0]~reg_ra3 ; counter8bits:59|counter1bit:49|1 ; clk        ; clk      ; None                        ; None                      ; 27.200 ns               ;
; N/A                                     ; 16.45 MHz ( period = 60.800 ns )                    ; ram256x8:104|lpm_ram_dq:lpm_ram_dq_component|altram:sram|q[0]~reg_ra4 ; counter8bits:59|counter1bit:49|1 ; clk        ; clk      ; None                        ; None                      ; 27.200 ns               ;
; N/A                                     ; 16.45 MHz ( period = 60.800 ns )                    ; ram256x8:104|lpm_ram_dq:lpm_ram_dq_component|altram:sram|q[0]~reg_ra5 ; counter8bits:59|counter1bit:49|1 ; clk        ; clk      ; None                        ; None                      ; 27.200 ns               ;
; N/A                                     ; 16.45 MHz ( period = 60.800 ns )                    ; ram256x8:104|lpm_ram_dq:lpm_ram_dq_component|altram:sram|q[0]~reg_ra6 ; counter8bits:59|counter1bit:49|1 ; clk        ; clk      ; None                        ; None                      ; 27.200 ns               ;
; N/A                                     ; 16.45 MHz ( period = 60.800 ns )                    ; ram256x8:104|lpm_ram_dq:lpm_ram_dq_component|altram:sram|q[0]~reg_ra7 ; counter8bits:59|counter1bit:49|1 ; clk        ; clk      ; None                        ; None                      ; 27.200 ns               ;
; N/A                                     ; 16.45 MHz ( period = 60.800 ns )                    ; ram256x8:104|lpm_ram_dq:lpm_ram_dq_component|altram:sram|q[0]~reg_wa0 ; counter8bits:59|counter1bit:49|1 ; clk        ; clk      ; None                        ; None                      ; 27.200 ns               ;
; N/A                                     ; 16.45 MHz ( period = 60.800 ns )                    ; ram256x8:104|lpm_ram_dq:lpm_ram_dq_component|altram:sram|q[0]~reg_wa1 ; counter8bits:59|counter1bit:49|1 ; clk        ; clk      ; None                        ; None                      ; 27.200 ns               ;
; N/A                                     ; 16.45 MHz ( period = 60.800 ns )                    ; ram256x8:104|lpm_ram_dq:lpm_ram_dq_component|altram:sram|q[0]~reg_wa2 ; counter8bits:59|counter1bit:49|1 ; clk        ; clk      ; None                        ; None                      ; 27.200 ns               ;
; N/A                                     ; 16.45 MHz ( period = 60.800 ns )                    ; ram256x8:104|lpm_ram_dq:lpm_ram_dq_component|altram:sram|q[0]~reg_wa3 ; counter8bits:59|counter1bit:49|1 ; clk        ; clk      ; None                        ; None                      ; 27.200 ns               ;
; N/A                                     ; 16.45 MHz ( period = 60.800 ns )                    ; ram256x8:104|lpm_ram_dq:lpm_ram_dq_component|altram:sram|q[0]~reg_wa4 ; counter8bits:59|counter1bit:49|1 ; clk        ; clk      ; None                        ; None                      ; 27.200 ns               ;
; N/A                                     ; 16.45 MHz ( period = 60.800 ns )                    ; ram256x8:104|lpm_ram_dq:lpm_ram_dq_component|altram:sram|q[0]~reg_wa5 ; counter8bits:59|counter1bit:49|1 ; clk        ; clk      ; None                        ; None                      ; 27.200 ns               ;
; N/A                                     ; 16.45 MHz ( period = 60.800 ns )                    ; ram256x8:104|lpm_ram_dq:lpm_ram_dq_component|altram:sram|q[0]~reg_wa6 ; counter8bits:59|counter1bit:49|1 ; clk        ; clk      ; None                        ; None                      ; 27.200 ns               ;
; N/A                                     ; 16.45 MHz ( period = 60.800 ns )                    ; ram256x8:104|lpm_ram_dq:lpm_ram_dq_component|altram:sram|q[0]~reg_wa7 ; counter8bits:59|counter1bit:49|1 ; clk        ; clk      ; None                        ; None                      ; 27.200 ns               ;
; N/A                                     ; 16.45 MHz ( period = 60.800 ns )                    ; ram256x8:104|lpm_ram_dq:lpm_ram_dq_component|altram:sram|q[0]~reg_ra0 ; counter8bits:60|counter1bit:49|1 ; clk        ; clk      ; None                        ; None                      ; 27.200 ns               ;
; N/A                                     ; 16.45 MHz ( period = 60.800 ns )                    ; ram256x8:104|lpm_ram_dq:lpm_ram_dq_component|altram:sram|q[0]~reg_ra1 ; counter8bits:60|counter1bit:49|1 ; clk        ; clk      ; None                        ; None                      ; 27.200 ns               ;
; N/A                                     ; 16.45 MHz ( period = 60.800 ns )                    ; ram256x8:104|lpm_ram_dq:lpm_ram_dq_component|altram:sram|q[0]~reg_ra2 ; counter8bits:60|counter1bit:49|1 ; clk        ; clk      ; None                        ; None                      ; 27.200 ns               ;
; N/A                                     ; 16.45 MHz ( period = 60.800 ns )                    ; ram256x8:104|lpm_ram_dq:lpm_ram_dq_component|altram:sram|q[0]~reg_ra3 ; counter8bits:60|counter1bit:49|1 ; clk        ; clk      ; None                        ; None                      ; 27.200 ns               ;
; N/A                                     ; 16.45 MHz ( period = 60.800 ns )                    ; ram256x8:104|lpm_ram_dq:lpm_ram_dq_component|altram:sram|q[0]~reg_ra4 ; counter8bits:60|counter1bit:49|1 ; clk        ; clk      ; None                        ; None                      ; 27.200 ns               ;
; N/A                                     ; 16.45 MHz ( period = 60.800 ns )                    ; ram256x8:104|lpm_ram_dq:lpm_ram_dq_component|altram:sram|q[0]~reg_ra5 ; counter8bits:60|counter1bit:49|1 ; clk        ; clk      ; None                        ; None                      ; 27.200 ns               ;
; N/A                                     ; 16.45 MHz ( period = 60.800 ns )                    ; ram256x8:104|lpm_ram_dq:lpm_ram_dq_component|altram:sram|q[0]~reg_ra6 ; counter8bits:60|counter1bit:49|1 ; clk        ; clk      ; None                        ; None                      ; 27.200 ns               ;
; N/A                                     ; 16.45 MHz ( period = 60.800 ns )                    ; ram256x8:104|lpm_ram_dq:lpm_ram_dq_component|altram:sram|q[0]~reg_ra7 ; counter8bits:60|counter1bit:49|1 ; clk        ; clk      ; None                        ; None                      ; 27.200 ns               ;
; N/A                                     ; 16.45 MHz ( period = 60.800 ns )                    ; ram256x8:104|lpm_ram_dq:lpm_ram_dq_component|altram:sram|q[0]~reg_wa0 ; counter8bits:60|counter1bit:49|1 ; clk        ; clk      ; None                        ; None                      ; 27.200 ns               ;
; N/A                                     ; 16.45 MHz ( period = 60.800 ns )                    ; ram256x8:104|lpm_ram_dq:lpm_ram_dq_component|altram:sram|q[0]~reg_wa1 ; counter8bits:60|counter1bit:49|1 ; clk        ; clk      ; None                        ; None                      ; 27.200 ns               ;
; N/A                                     ; 16.45 MHz ( period = 60.800 ns )                    ; ram256x8:104|lpm_ram_dq:lpm_ram_dq_component|altram:sram|q[0]~reg_wa2 ; counter8bits:60|counter1bit:49|1 ; clk        ; clk      ; None                        ; None                      ; 27.200 ns               ;
; N/A                                     ; 16.45 MHz ( period = 60.800 ns )                    ; ram256x8:104|lpm_ram_dq:lpm_ram_dq_component|altram:sram|q[0]~reg_wa3 ; counter8bits:60|counter1bit:49|1 ; clk        ; clk      ; None                        ; None                      ; 27.200 ns               ;
; N/A                                     ; 16.45 MHz ( period = 60.800 ns )                    ; ram256x8:104|lpm_ram_dq:lpm_ram_dq_component|altram:sram|q[0]~reg_wa4 ; counter8bits:60|counter1bit:49|1 ; clk        ; clk      ; None                        ; None                      ; 27.200 ns               ;
; N/A                                     ; 16.45 MHz ( period = 60.800 ns )                    ; ram256x8:104|lpm_ram_dq:lpm_ram_dq_component|altram:sram|q[0]~reg_wa5 ; counter8bits:60|counter1bit:49|1 ; clk        ; clk      ; None                        ; None                      ; 27.200 ns               ;
; N/A                                     ; 16.45 MHz ( period = 60.800 ns )                    ; ram256x8:104|lpm_ram_dq:lpm_ram_dq_component|altram:sram|q[0]~reg_wa6 ; counter8bits:60|counter1bit:49|1 ; clk        ; clk      ; None                        ; None                      ; 27.200 ns               ;
; N/A                                     ; 16.45 MHz ( period = 60.800 ns )                    ; ram256x8:104|lpm_ram_dq:lpm_ram_dq_component|altram:sram|q[0]~reg_wa7 ; counter8bits:60|counter1bit:49|1 ; clk        ; clk      ; None                        ; None                      ; 27.200 ns               ;
; N/A                                     ; 16.45 MHz ( period = 60.800 ns )                    ; ram256x8:104|lpm_ram_dq:lpm_ram_dq_component|altram:sram|q[1]~reg_ra0 ; counter8bits:59|counter1bit:48|1 ; clk        ; clk      ; None                        ; None                      ; 27.200 ns               ;
; N/A                                     ; 16.45 MHz ( period = 60.800 ns )                    ; ram256x8:104|lpm_ram_dq:lpm_ram_dq_component|altram:sram|q[1]~reg_ra1 ; counter8bits:59|counter1bit:48|1 ; clk        ; clk      ; None                        ; None                      ; 27.200 ns               ;
; N/A                                     ; 16.45 MHz ( period = 60.800 ns )                    ; ram256x8:104|lpm_ram_dq:lpm_ram_dq_component|altram:sram|q[1]~reg_ra2 ; counter8bits:59|counter1bit:48|1 ; clk        ; clk      ; None                        ; None                      ; 27.200 ns               ;
; N/A                                     ; 16.45 MHz ( period = 60.800 ns )                    ; ram256x8:104|lpm_ram_dq:lpm_ram_dq_component|altram:sram|q[1]~reg_ra3 ; counter8bits:59|counter1bit:48|1 ; clk        ; clk      ; None                        ; None                      ; 27.200 ns               ;
; N/A                                     ; 16.45 MHz ( period = 60.800 ns )                    ; ram256x8:104|lpm_ram_dq:lpm_ram_dq_component|altram:sram|q[1]~reg_ra4 ; counter8bits:59|counter1bit:48|1 ; clk        ; clk      ; None                        ; None                      ; 27.200 ns               ;
; N/A                                     ; 16.45 MHz ( period = 60.800 ns )                    ; ram256x8:104|lpm_ram_dq:lpm_ram_dq_component|altram:sram|q[1]~reg_ra5 ; counter8bits:59|counter1bit:48|1 ; clk        ; clk      ; None                        ; None                      ; 27.200 ns               ;
; N/A                                     ; 16.45 MHz ( period = 60.800 ns )                    ; ram256x8:104|lpm_ram_dq:lpm_ram_dq_component|altram:sram|q[1]~reg_ra6 ; counter8bits:59|counter1bit:48|1 ; clk        ; clk      ; None                        ; None                      ; 27.200 ns               ;
; N/A                                     ; 16.45 MHz ( period = 60.800 ns )                    ; ram256x8:104|lpm_ram_dq:lpm_ram_dq_component|altram:sram|q[1]~reg_ra7 ; counter8bits:59|counter1bit:48|1 ; clk        ; clk      ; None                        ; None                      ; 27.200 ns               ;
; N/A                                     ; 16.45 MHz ( period = 60.800 ns )                    ; ram256x8:104|lpm_ram_dq:lpm_ram_dq_component|altram:sram|q[1]~reg_wa0 ; counter8bits:59|counter1bit:48|1 ; clk        ; clk      ; None                        ; None                      ; 27.200 ns               ;
; N/A                                     ; 16.45 MHz ( period = 60.800 ns )                    ; ram256x8:104|lpm_ram_dq:lpm_ram_dq_component|altram:sram|q[1]~reg_wa1 ; counter8bits:59|counter1bit:48|1 ; clk        ; clk      ; None                        ; None                      ; 27.200 ns               ;
; N/A                                     ; 16.45 MHz ( period = 60.800 ns )                    ; ram256x8:104|lpm_ram_dq:lpm_ram_dq_component|altram:sram|q[1]~reg_wa2 ; counter8bits:59|counter1bit:48|1 ; clk        ; clk      ; None                        ; None                      ; 27.200 ns               ;
; N/A                                     ; 16.45 MHz ( period = 60.800 ns )                    ; ram256x8:104|lpm_ram_dq:lpm_ram_dq_component|altram:sram|q[1]~reg_wa3 ; counter8bits:59|counter1bit:48|1 ; clk        ; clk      ; None                        ; None                      ; 27.200 ns               ;
; N/A                                     ; 16.45 MHz ( period = 60.800 ns )                    ; ram256x8:104|lpm_ram_dq:lpm_ram_dq_component|altram:sram|q[1]~reg_wa4 ; counter8bits:59|counter1bit:48|1 ; clk        ; clk      ; None                        ; None                      ; 27.200 ns               ;
; N/A                                     ; 16.45 MHz ( period = 60.800 ns )                    ; ram256x8:104|lpm_ram_dq:lpm_ram_dq_component|altram:sram|q[1]~reg_wa5 ; counter8bits:59|counter1bit:48|1 ; clk        ; clk      ; None                        ; None                      ; 27.200 ns               ;
; N/A                                     ; 16.45 MHz ( period = 60.800 ns )                    ; ram256x8:104|lpm_ram_dq:lpm_ram_dq_component|altram:sram|q[1]~reg_wa6 ; counter8bits:59|counter1bit:48|1 ; clk        ; clk      ; None                        ; None                      ; 27.200 ns               ;
; N/A                                     ; 16.45 MHz ( period = 60.800 ns )                    ; ram256x8:104|lpm_ram_dq:lpm_ram_dq_component|altram:sram|q[1]~reg_wa7 ; counter8bits:59|counter1bit:48|1 ; clk        ; clk      ; None                        ; None                      ; 27.200 ns               ;
; N/A                                     ; 16.45 MHz ( period = 60.800 ns )                    ; ram256x8:104|lpm_ram_dq:lpm_ram_dq_component|altram:sram|q[3]~reg_ra0 ; counter8bits:59|counter1bit:46|1 ; clk        ; clk      ; None                        ; None                      ; 27.200 ns               ;
; N/A                                     ; 16.45 MHz ( period = 60.800 ns )                    ; ram256x8:104|lpm_ram_dq:lpm_ram_dq_component|altram:sram|q[3]~reg_ra1 ; counter8bits:59|counter1bit:46|1 ; clk        ; clk      ; None                        ; None                      ; 27.200 ns               ;
; N/A                                     ; 16.45 MHz ( period = 60.800 ns )                    ; ram256x8:104|lpm_ram_dq:lpm_ram_dq_component|altram:sram|q[3]~reg_ra2 ; counter8bits:59|counter1bit:46|1 ; clk        ; clk      ; None                        ; None                      ; 27.200 ns               ;
; N/A                                     ; 16.45 MHz ( period = 60.800 ns )                    ; ram256x8:104|lpm_ram_dq:lpm_ram_dq_component|altram:sram|q[3]~reg_ra3 ; counter8bits:59|counter1bit:46|1 ; clk        ; clk      ; None                        ; None                      ; 27.200 ns               ;
; N/A                                     ; 16.45 MHz ( period = 60.800 ns )                    ; ram256x8:104|lpm_ram_dq:lpm_ram_dq_component|altram:sram|q[3]~reg_ra4 ; counter8bits:59|counter1bit:46|1 ; clk        ; clk      ; None                        ; None                      ; 27.200 ns               ;
; N/A                                     ; 16.45 MHz ( period = 60.800 ns )                    ; ram256x8:104|lpm_ram_dq:lpm_ram_dq_component|altram:sram|q[3]~reg_ra5 ; counter8bits:59|counter1bit:46|1 ; clk        ; clk      ; None                        ; None                      ; 27.200 ns               ;
; N/A                                     ; 16.45 MHz ( period = 60.800 ns )                    ; ram256x8:104|lpm_ram_dq:lpm_ram_dq_component|altram:sram|q[3]~reg_ra6 ; counter8bits:59|counter1bit:46|1 ; clk        ; clk      ; None                        ; None                      ; 27.200 ns               ;
; N/A                                     ; 16.45 MHz ( period = 60.800 ns )                    ; ram256x8:104|lpm_ram_dq:lpm_ram_dq_component|altram:sram|q[3]~reg_ra7 ; counter8bits:59|counter1bit:46|1 ; clk        ; clk      ; None                        ; None                      ; 27.200 ns               ;
; N/A                                     ; 16.45 MHz ( period = 60.800 ns )                    ; ram256x8:104|lpm_ram_dq:lpm_ram_dq_component|altram:sram|q[3]~reg_wa0 ; counter8bits:59|counter1bit:46|1 ; clk        ; clk      ; None                        ; None                      ; 27.200 ns               ;
; N/A                                     ; 16.45 MHz ( period = 60.800 ns )                    ; ram256x8:104|lpm_ram_dq:lpm_ram_dq_component|altram:sram|q[3]~reg_wa1 ; counter8bits:59|counter1bit:46|1 ; clk        ; clk      ; None                        ; None                      ; 27.200 ns               ;
; N/A                                     ; 16.45 MHz ( period = 60.800 ns )                    ; ram256x8:104|lpm_ram_dq:lpm_ram_dq_component|altram:sram|q[3]~reg_wa2 ; counter8bits:59|counter1bit:46|1 ; clk        ; clk      ; None                        ; None                      ; 27.200 ns               ;
; N/A                                     ; 16.45 MHz ( period = 60.800 ns )                    ; ram256x8:104|lpm_ram_dq:lpm_ram_dq_component|altram:sram|q[3]~reg_wa3 ; counter8bits:59|counter1bit:46|1 ; clk        ; clk      ; None                        ; None                      ; 27.200 ns               ;
; N/A                                     ; 16.45 MHz ( period = 60.800 ns )                    ; ram256x8:104|lpm_ram_dq:lpm_ram_dq_component|altram:sram|q[3]~reg_wa4 ; counter8bits:59|counter1bit:46|1 ; clk        ; clk      ; None                        ; None                      ; 27.200 ns               ;
; N/A                                     ; 16.45 MHz ( period = 60.800 ns )                    ; ram256x8:104|lpm_ram_dq:lpm_ram_dq_component|altram:sram|q[3]~reg_wa5 ; counter8bits:59|counter1bit:46|1 ; clk        ; clk      ; None                        ; None                      ; 27.200 ns               ;
; N/A                                     ; 16.45 MHz ( period = 60.800 ns )                    ; ram256x8:104|lpm_ram_dq:lpm_ram_dq_component|altram:sram|q[3]~reg_wa6 ; counter8bits:59|counter1bit:46|1 ; clk        ; clk      ; None                        ; None                      ; 27.200 ns               ;
; N/A                                     ; 16.45 MHz ( period = 60.800 ns )                    ; ram256x8:104|lpm_ram_dq:lpm_ram_dq_component|altram:sram|q[3]~reg_wa7 ; counter8bits:59|counter1bit:46|1 ; clk        ; clk      ; None                        ; None                      ; 27.200 ns               ;
; N/A                                     ; 16.45 MHz ( period = 60.800 ns )                    ; ram256x8:104|lpm_ram_dq:lpm_ram_dq_component|altram:sram|q[5]~reg_ra0 ; counter8bits:59|counter1bit:51|1 ; clk        ; clk      ; None                        ; None                      ; 27.200 ns               ;
; N/A                                     ; 16.45 MHz ( period = 60.800 ns )                    ; ram256x8:104|lpm_ram_dq:lpm_ram_dq_component|altram:sram|q[5]~reg_ra1 ; counter8bits:59|counter1bit:51|1 ; clk        ; clk      ; None                        ; None                      ; 27.200 ns               ;
; N/A                                     ; 16.45 MHz ( period = 60.800 ns )                    ; ram256x8:104|lpm_ram_dq:lpm_ram_dq_component|altram:sram|q[5]~reg_ra2 ; counter8bits:59|counter1bit:51|1 ; clk        ; clk      ; None                        ; None                      ; 27.200 ns               ;
; N/A                                     ; 16.45 MHz ( period = 60.800 ns )                    ; ram256x8:104|lpm_ram_dq:lpm_ram_dq_component|altram:sram|q[5]~reg_ra3 ; counter8bits:59|counter1bit:51|1 ; clk        ; clk      ; None                        ; None                      ; 27.200 ns               ;
; N/A                                     ; 16.45 MHz ( period = 60.800 ns )                    ; ram256x8:104|lpm_ram_dq:lpm_ram_dq_component|altram:sram|q[5]~reg_ra4 ; counter8bits:59|counter1bit:51|1 ; clk        ; clk      ; None                        ; None                      ; 27.200 ns               ;
; N/A                                     ; 16.45 MHz ( period = 60.800 ns )                    ; ram256x8:104|lpm_ram_dq:lpm_ram_dq_component|altram:sram|q[5]~reg_ra5 ; counter8bits:59|counter1bit:51|1 ; clk        ; clk      ; None                        ; None                      ; 27.200 ns               ;
; N/A                                     ; 16.45 MHz ( period = 60.800 ns )                    ; ram256x8:104|lpm_ram_dq:lpm_ram_dq_component|altram:sram|q[5]~reg_ra6 ; counter8bits:59|counter1bit:51|1 ; clk        ; clk      ; None                        ; None                      ; 27.200 ns               ;
; N/A                                     ; 16.45 MHz ( period = 60.800 ns )                    ; ram256x8:104|lpm_ram_dq:lpm_ram_dq_component|altram:sram|q[5]~reg_ra7 ; counter8bits:59|counter1bit:51|1 ; clk        ; clk      ; None                        ; None                      ; 27.200 ns               ;
; N/A                                     ; 16.45 MHz ( period = 60.800 ns )                    ; ram256x8:104|lpm_ram_dq:lpm_ram_dq_component|altram:sram|q[5]~reg_wa0 ; counter8bits:59|counter1bit:51|1 ; clk        ; clk      ; None                        ; None                      ; 27.200 ns               ;
; N/A                                     ; 16.45 MHz ( period = 60.800 ns )                    ; ram256x8:104|lpm_ram_dq:lpm_ram_dq_component|altram:sram|q[5]~reg_wa1 ; counter8bits:59|counter1bit:51|1 ; clk        ; clk      ; None                        ; None                      ; 27.200 ns               ;
; N/A                                     ; 16.45 MHz ( period = 60.800 ns )                    ; ram256x8:104|lpm_ram_dq:lpm_ram_dq_component|altram:sram|q[5]~reg_wa2 ; counter8bits:59|counter1bit:51|1 ; clk        ; clk      ; None                        ; None                      ; 27.200 ns               ;
; N/A                                     ; 16.45 MHz ( period = 60.800 ns )                    ; ram256x8:104|lpm_ram_dq:lpm_ram_dq_component|altram:sram|q[5]~reg_wa3 ; counter8bits:59|counter1bit:51|1 ; clk        ; clk      ; None                        ; None                      ; 27.200 ns               ;
; N/A                                     ; 16.45 MHz ( period = 60.800 ns )                    ; ram256x8:104|lpm_ram_dq:lpm_ram_dq_component|altram:sram|q[5]~reg_wa4 ; counter8bits:59|counter1bit:51|1 ; clk        ; clk      ; None                        ; None                      ; 27.200 ns               ;
; N/A                                     ; 16.45 MHz ( period = 60.800 ns )                    ; ram256x8:104|lpm_ram_dq:lpm_ram_dq_component|altram:sram|q[5]~reg_wa5 ; counter8bits:59|counter1bit:51|1 ; clk        ; clk      ; None                        ; None                      ; 27.200 ns               ;
; N/A                                     ; 16.45 MHz ( period = 60.800 ns )                    ; ram256x8:104|lpm_ram_dq:lpm_ram_dq_component|altram:sram|q[5]~reg_wa6 ; counter8bits:59|counter1bit:51|1 ; clk        ; clk      ; None                        ; None                      ; 27.200 ns               ;
; N/A                                     ; 16.45 MHz ( period = 60.800 ns )                    ; ram256x8:104|lpm_ram_dq:lpm_ram_dq_component|altram:sram|q[5]~reg_wa7 ; counter8bits:59|counter1bit:51|1 ; clk        ; clk      ; None                        ; None                      ; 27.200 ns               ;
; N/A                                     ; 16.45 MHz ( period = 60.800 ns )                    ; ram256x8:104|lpm_ram_dq:lpm_ram_dq_component|altram:sram|q[1]~reg_ra0 ; counter8bits:60|counter1bit:48|1 ; clk        ; clk      ; None                        ; None                      ; 27.200 ns               ;
; N/A                                     ; 16.45 MHz ( period = 60.800 ns )                    ; ram256x8:104|lpm_ram_dq:lpm_ram_dq_component|altram:sram|q[1]~reg_ra1 ; counter8bits:60|counter1bit:48|1 ; clk        ; clk      ; None                        ; None                      ; 27.200 ns               ;
; N/A                                     ; 16.45 MHz ( period = 60.800 ns )                    ; ram256x8:104|lpm_ram_dq:lpm_ram_dq_component|altram:sram|q[1]~reg_ra2 ; counter8bits:60|counter1bit:48|1 ; clk        ; clk      ; None                        ; None                      ; 27.200 ns               ;
; N/A                                     ; 16.45 MHz ( period = 60.800 ns )                    ; ram256x8:104|lpm_ram_dq:lpm_ram_dq_component|altram:sram|q[1]~reg_ra3 ; counter8bits:60|counter1bit:48|1 ; clk        ; clk      ; None                        ; None                      ; 27.200 ns               ;
; N/A                                     ; 16.45 MHz ( period = 60.800 ns )                    ; ram256x8:104|lpm_ram_dq:lpm_ram_dq_component|altram:sram|q[1]~reg_ra4 ; counter8bits:60|counter1bit:48|1 ; clk        ; clk      ; None                        ; None                      ; 27.200 ns               ;
; N/A                                     ; 16.45 MHz ( period = 60.800 ns )                    ; ram256x8:104|lpm_ram_dq:lpm_ram_dq_component|altram:sram|q[1]~reg_ra5 ; counter8bits:60|counter1bit:48|1 ; clk        ; clk      ; None                        ; None                      ; 27.200 ns               ;
; N/A                                     ; 16.45 MHz ( period = 60.800 ns )                    ; ram256x8:104|lpm_ram_dq:lpm_ram_dq_component|altram:sram|q[1]~reg_ra6 ; counter8bits:60|counter1bit:48|1 ; clk        ; clk      ; None                        ; None                      ; 27.200 ns               ;
; N/A                                     ; 16.45 MHz ( period = 60.800 ns )                    ; ram256x8:104|lpm_ram_dq:lpm_ram_dq_component|altram:sram|q[1]~reg_ra7 ; counter8bits:60|counter1bit:48|1 ; clk        ; clk      ; None                        ; None                      ; 27.200 ns               ;
; N/A                                     ; 16.45 MHz ( period = 60.800 ns )                    ; ram256x8:104|lpm_ram_dq:lpm_ram_dq_component|altram:sram|q[1]~reg_wa0 ; counter8bits:60|counter1bit:48|1 ; clk        ; clk      ; None                        ; None                      ; 27.200 ns               ;
; N/A                                     ; 16.45 MHz ( period = 60.800 ns )                    ; ram256x8:104|lpm_ram_dq:lpm_ram_dq_component|altram:sram|q[1]~reg_wa1 ; counter8bits:60|counter1bit:48|1 ; clk        ; clk      ; None                        ; None                      ; 27.200 ns               ;
; N/A                                     ; 16.45 MHz ( period = 60.800 ns )                    ; ram256x8:104|lpm_ram_dq:lpm_ram_dq_component|altram:sram|q[1]~reg_wa2 ; counter8bits:60|counter1bit:48|1 ; clk        ; clk      ; None                        ; None                      ; 27.200 ns               ;
; N/A                                     ; 16.45 MHz ( period = 60.800 ns )                    ; ram256x8:104|lpm_ram_dq:lpm_ram_dq_component|altram:sram|q[1]~reg_wa3 ; counter8bits:60|counter1bit:48|1 ; clk        ; clk      ; None                        ; None                      ; 27.200 ns               ;
; N/A                                     ; 16.45 MHz ( period = 60.800 ns )                    ; ram256x8:104|lpm_ram_dq:lpm_ram_dq_component|altram:sram|q[1]~reg_wa4 ; counter8bits:60|counter1bit:48|1 ; clk        ; clk      ; None                        ; None                      ; 27.200 ns               ;
; N/A                                     ; 16.45 MHz ( period = 60.800 ns )                    ; ram256x8:104|lpm_ram_dq:lpm_ram_dq_component|altram:sram|q[1]~reg_wa5 ; counter8bits:60|counter1bit:48|1 ; clk        ; clk      ; None                        ; None                      ; 27.200 ns               ;
; N/A                                     ; 16.45 MHz ( period = 60.800 ns )                    ; ram256x8:104|lpm_ram_dq:lpm_ram_dq_component|altram:sram|q[1]~reg_wa6 ; counter8bits:60|counter1bit:48|1 ; clk        ; clk      ; None                        ; None                      ; 27.200 ns               ;
; N/A                                     ; 16.45 MHz ( period = 60.800 ns )                    ; ram256x8:104|lpm_ram_dq:lpm_ram_dq_component|altram:sram|q[1]~reg_wa7 ; counter8bits:60|counter1bit:48|1 ; clk        ; clk      ; None                        ; None                      ; 27.200 ns               ;
; N/A                                     ; 16.45 MHz ( period = 60.800 ns )                    ; ram256x8:104|lpm_ram_dq:lpm_ram_dq_component|altram:sram|q[3]~reg_ra0 ; counter8bits:60|counter1bit:46|1 ; clk        ; clk      ; None                        ; None                      ; 27.200 ns               ;
; N/A                                     ; 16.45 MHz ( period = 60.800 ns )                    ; ram256x8:104|lpm_ram_dq:lpm_ram_dq_component|altram:sram|q[3]~reg_ra1 ; counter8bits:60|counter1bit:46|1 ; clk        ; clk      ; None                        ; None                      ; 27.200 ns               ;
; N/A                                     ; 16.45 MHz ( period = 60.800 ns )                    ; ram256x8:104|lpm_ram_dq:lpm_ram_dq_component|altram:sram|q[3]~reg_ra2 ; counter8bits:60|counter1bit:46|1 ; clk        ; clk      ; None                        ; None                      ; 27.200 ns               ;
; N/A                                     ; 16.45 MHz ( period = 60.800 ns )                    ; ram256x8:104|lpm_ram_dq:lpm_ram_dq_component|altram:sram|q[3]~reg_ra3 ; counter8bits:60|counter1bit:46|1 ; clk        ; clk      ; None                        ; None                      ; 27.200 ns               ;
; N/A                                     ; 16.45 MHz ( period = 60.800 ns )                    ; ram256x8:104|lpm_ram_dq:lpm_ram_dq_component|altram:sram|q[3]~reg_ra4 ; counter8bits:60|counter1bit:46|1 ; clk        ; clk      ; None                        ; None                      ; 27.200 ns               ;
; N/A                                     ; 16.45 MHz ( period = 60.800 ns )                    ; ram256x8:104|lpm_ram_dq:lpm_ram_dq_component|altram:sram|q[3]~reg_ra5 ; counter8bits:60|counter1bit:46|1 ; clk        ; clk      ; None                        ; None                      ; 27.200 ns               ;
; N/A                                     ; 16.45 MHz ( period = 60.800 ns )                    ; ram256x8:104|lpm_ram_dq:lpm_ram_dq_component|altram:sram|q[3]~reg_ra6 ; counter8bits:60|counter1bit:46|1 ; clk        ; clk      ; None                        ; None                      ; 27.200 ns               ;
; N/A                                     ; 16.45 MHz ( period = 60.800 ns )                    ; ram256x8:104|lpm_ram_dq:lpm_ram_dq_component|altram:sram|q[3]~reg_ra7 ; counter8bits:60|counter1bit:46|1 ; clk        ; clk      ; None                        ; None                      ; 27.200 ns               ;
; N/A                                     ; 16.45 MHz ( period = 60.800 ns )                    ; ram256x8:104|lpm_ram_dq:lpm_ram_dq_component|altram:sram|q[3]~reg_wa0 ; counter8bits:60|counter1bit:46|1 ; clk        ; clk      ; None                        ; None                      ; 27.200 ns               ;
; N/A                                     ; 16.45 MHz ( period = 60.800 ns )                    ; ram256x8:104|lpm_ram_dq:lpm_ram_dq_component|altram:sram|q[3]~reg_wa1 ; counter8bits:60|counter1bit:46|1 ; clk        ; clk      ; None                        ; None                      ; 27.200 ns               ;
; N/A                                     ; 16.45 MHz ( period = 60.800 ns )                    ; ram256x8:104|lpm_ram_dq:lpm_ram_dq_component|altram:sram|q[3]~reg_wa2 ; counter8bits:60|counter1bit:46|1 ; clk        ; clk      ; None                        ; None                      ; 27.200 ns               ;
; N/A                                     ; 16.45 MHz ( period = 60.800 ns )                    ; ram256x8:104|lpm_ram_dq:lpm_ram_dq_component|altram:sram|q[3]~reg_wa3 ; counter8bits:60|counter1bit:46|1 ; clk        ; clk      ; None                        ; None                      ; 27.200 ns               ;
; N/A                                     ; 16.45 MHz ( period = 60.800 ns )                    ; ram256x8:104|lpm_ram_dq:lpm_ram_dq_component|altram:sram|q[3]~reg_wa4 ; counter8bits:60|counter1bit:46|1 ; clk        ; clk      ; None                        ; None                      ; 27.200 ns               ;
; N/A                                     ; 16.45 MHz ( period = 60.800 ns )                    ; ram256x8:104|lpm_ram_dq:lpm_ram_dq_component|altram:sram|q[3]~reg_wa5 ; counter8bits:60|counter1bit:46|1 ; clk        ; clk      ; None                        ; None                      ; 27.200 ns               ;
; N/A                                     ; 16.45 MHz ( period = 60.800 ns )                    ; ram256x8:104|lpm_ram_dq:lpm_ram_dq_component|altram:sram|q[3]~reg_wa6 ; counter8bits:60|counter1bit:46|1 ; clk        ; clk      ; None                        ; None                      ; 27.200 ns               ;
; N/A                                     ; 16.45 MHz ( period = 60.800 ns )                    ; ram256x8:104|lpm_ram_dq:lpm_ram_dq_component|altram:sram|q[3]~reg_wa7 ; counter8bits:60|counter1bit:46|1 ; clk        ; clk      ; None                        ; None                      ; 27.200 ns               ;
; N/A                                     ; 16.45 MHz ( period = 60.800 ns )                    ; ram256x8:104|lpm_ram_dq:lpm_ram_dq_component|altram:sram|q[5]~reg_ra0 ; counter8bits:60|counter1bit:51|1 ; clk        ; clk      ; None                        ; None                      ; 27.200 ns               ;
; N/A                                     ; 16.45 MHz ( period = 60.800 ns )                    ; ram256x8:104|lpm_ram_dq:lpm_ram_dq_component|altram:sram|q[5]~reg_ra1 ; counter8bits:60|counter1bit:51|1 ; clk        ; clk      ; None                        ; None                      ; 27.200 ns               ;
; N/A                                     ; 16.45 MHz ( period = 60.800 ns )                    ; ram256x8:104|lpm_ram_dq:lpm_ram_dq_component|altram:sram|q[5]~reg_ra2 ; counter8bits:60|counter1bit:51|1 ; clk        ; clk      ; None                        ; None                      ; 27.200 ns               ;
; N/A                                     ; 16.45 MHz ( period = 60.800 ns )                    ; ram256x8:104|lpm_ram_dq:lpm_ram_dq_component|altram:sram|q[5]~reg_ra3 ; counter8bits:60|counter1bit:51|1 ; clk        ; clk      ; None                        ; None                      ; 27.200 ns               ;
; N/A                                     ; 16.45 MHz ( period = 60.800 ns )                    ; ram256x8:104|lpm_ram_dq:lpm_ram_dq_component|altram:sram|q[5]~reg_ra4 ; counter8bits:60|counter1bit:51|1 ; clk        ; clk      ; None                        ; None                      ; 27.200 ns               ;
; N/A                                     ; 16.45 MHz ( period = 60.800 ns )                    ; ram256x8:104|lpm_ram_dq:lpm_ram_dq_component|altram:sram|q[5]~reg_ra5 ; counter8bits:60|counter1bit:51|1 ; clk        ; clk      ; None                        ; None                      ; 27.200 ns               ;
; N/A                                     ; 16.45 MHz ( period = 60.800 ns )                    ; ram256x8:104|lpm_ram_dq:lpm_ram_dq_component|altram:sram|q[5]~reg_ra6 ; counter8bits:60|counter1bit:51|1 ; clk        ; clk      ; None                        ; None                      ; 27.200 ns               ;
; N/A                                     ; 16.45 MHz ( period = 60.800 ns )                    ; ram256x8:104|lpm_ram_dq:lpm_ram_dq_component|altram:sram|q[5]~reg_ra7 ; counter8bits:60|counter1bit:51|1 ; clk        ; clk      ; None                        ; None                      ; 27.200 ns               ;
; N/A                                     ; 16.45 MHz ( period = 60.800 ns )                    ; ram256x8:104|lpm_ram_dq:lpm_ram_dq_component|altram:sram|q[5]~reg_wa0 ; counter8bits:60|counter1bit:51|1 ; clk        ; clk      ; None                        ; None                      ; 27.200 ns               ;
; N/A                                     ; 16.45 MHz ( period = 60.800 ns )                    ; ram256x8:104|lpm_ram_dq:lpm_ram_dq_component|altram:sram|q[5]~reg_wa1 ; counter8bits:60|counter1bit:51|1 ; clk        ; clk      ; None                        ; None                      ; 27.200 ns               ;
; N/A                                     ; 16.45 MHz ( period = 60.800 ns )                    ; ram256x8:104|lpm_ram_dq:lpm_ram_dq_component|altram:sram|q[5]~reg_wa2 ; counter8bits:60|counter1bit:51|1 ; clk        ; clk      ; None                        ; None                      ; 27.200 ns               ;
; N/A                                     ; 16.45 MHz ( period = 60.800 ns )                    ; ram256x8:104|lpm_ram_dq:lpm_ram_dq_component|altram:sram|q[5]~reg_wa3 ; counter8bits:60|counter1bit:51|1 ; clk        ; clk      ; None                        ; None                      ; 27.200 ns               ;
; N/A                                     ; 16.45 MHz ( period = 60.800 ns )                    ; ram256x8:104|lpm_ram_dq:lpm_ram_dq_component|altram:sram|q[5]~reg_wa4 ; counter8bits:60|counter1bit:51|1 ; clk        ; clk      ; None                        ; None                      ; 27.200 ns               ;
; N/A                                     ; 16.45 MHz ( period = 60.800 ns )                    ; ram256x8:104|lpm_ram_dq:lpm_ram_dq_component|altram:sram|q[5]~reg_wa5 ; counter8bits:60|counter1bit:51|1 ; clk        ; clk      ; None                        ; None                      ; 27.200 ns               ;
; N/A                                     ; 16.45 MHz ( period = 60.800 ns )                    ; ram256x8:104|lpm_ram_dq:lpm_ram_dq_component|altram:sram|q[5]~reg_wa6 ; counter8bits:60|counter1bit:51|1 ; clk        ; clk      ; None                        ; None                      ; 27.200 ns               ;
; N/A                                     ; 16.45 MHz ( period = 60.800 ns )                    ; ram256x8:104|lpm_ram_dq:lpm_ram_dq_component|altram:sram|q[5]~reg_wa7 ; counter8bits:60|counter1bit:51|1 ; clk        ; clk      ; None                        ; None                      ; 27.200 ns               ;
; N/A                                     ; 16.50 MHz ( period = 60.600 ns )                    ; ram256x8:104|lpm_ram_dq:lpm_ram_dq_component|altram:sram|q[2]~reg_ra7 ; counter8bits:60|counter1bit:47|1 ; clk        ; clk      ; None                        ; None                      ; 27.100 ns               ;
; N/A                                     ; 16.50 MHz ( period = 60.600 ns )                    ; ram256x8:104|lpm_ram_dq:lpm_ram_dq_component|altram:sram|q[2]~reg_wa0 ; counter8bits:60|counter1bit:47|1 ; clk        ; clk      ; None                        ; None                      ; 27.100 ns               ;
; N/A                                     ; 16.50 MHz ( period = 60.600 ns )                    ; ram256x8:104|lpm_ram_dq:lpm_ram_dq_component|altram:sram|q[2]~reg_wa1 ; counter8bits:60|counter1bit:47|1 ; clk        ; clk      ; None                        ; None                      ; 27.100 ns               ;
; N/A                                     ; 16.50 MHz ( period = 60.600 ns )                    ; ram256x8:104|lpm_ram_dq:lpm_ram_dq_component|altram:sram|q[2]~reg_wa2 ; counter8bits:60|counter1bit:47|1 ; clk        ; clk      ; None                        ; None                      ; 27.100 ns               ;
; N/A                                     ; 16.50 MHz ( period = 60.600 ns )                    ; ram256x8:104|lpm_ram_dq:lpm_ram_dq_component|altram:sram|q[2]~reg_wa3 ; counter8bits:60|counter1bit:47|1 ; clk        ; clk      ; None                        ; None                      ; 27.100 ns               ;
; N/A                                     ; 16.50 MHz ( period = 60.600 ns )                    ; ram256x8:104|lpm_ram_dq:lpm_ram_dq_component|altram:sram|q[2]~reg_wa4 ; counter8bits:60|counter1bit:47|1 ; clk        ; clk      ; None                        ; None                      ; 27.100 ns               ;
; N/A                                     ; 16.50 MHz ( period = 60.600 ns )                    ; ram256x8:104|lpm_ram_dq:lpm_ram_dq_component|altram:sram|q[2]~reg_wa5 ; counter8bits:60|counter1bit:47|1 ; clk        ; clk      ; None                        ; None                      ; 27.100 ns               ;
; N/A                                     ; 16.50 MHz ( period = 60.600 ns )                    ; ram256x8:104|lpm_ram_dq:lpm_ram_dq_component|altram:sram|q[2]~reg_wa6 ; counter8bits:60|counter1bit:47|1 ; clk        ; clk      ; None                        ; None                      ; 27.100 ns               ;
; N/A                                     ; 16.50 MHz ( period = 60.600 ns )                    ; ram256x8:104|lpm_ram_dq:lpm_ram_dq_component|altram:sram|q[2]~reg_wa7 ; counter8bits:60|counter1bit:47|1 ; clk        ; clk      ; None                        ; None                      ; 27.100 ns               ;
; N/A                                     ; 16.50 MHz ( period = 60.600 ns )                    ; ram256x8:104|lpm_ram_dq:lpm_ram_dq_component|altram:sram|q[6]~reg_ra0 ; counter8bits:59|counter1bit:52|1 ; clk        ; clk      ; None                        ; None                      ; 27.100 ns               ;
; N/A                                     ; 16.50 MHz ( period = 60.600 ns )                    ; ram256x8:104|lpm_ram_dq:lpm_ram_dq_component|altram:sram|q[6]~reg_ra1 ; counter8bits:59|counter1bit:52|1 ; clk        ; clk      ; None                        ; None                      ; 27.100 ns               ;
; N/A                                     ; 16.50 MHz ( period = 60.600 ns )                    ; ram256x8:104|lpm_ram_dq:lpm_ram_dq_component|altram:sram|q[6]~reg_ra2 ; counter8bits:59|counter1bit:52|1 ; clk        ; clk      ; None                        ; None                      ; 27.100 ns               ;
; N/A                                     ; 16.50 MHz ( period = 60.600 ns )                    ; ram256x8:104|lpm_ram_dq:lpm_ram_dq_component|altram:sram|q[6]~reg_ra3 ; counter8bits:59|counter1bit:52|1 ; clk        ; clk      ; None                        ; None                      ; 27.100 ns               ;
; N/A                                     ; 16.50 MHz ( period = 60.600 ns )                    ; ram256x8:104|lpm_ram_dq:lpm_ram_dq_component|altram:sram|q[6]~reg_ra4 ; counter8bits:59|counter1bit:52|1 ; clk        ; clk      ; None                        ; None                      ; 27.100 ns               ;
; N/A                                     ; 16.50 MHz ( period = 60.600 ns )                    ; ram256x8:104|lpm_ram_dq:lpm_ram_dq_component|altram:sram|q[6]~reg_ra5 ; counter8bits:59|counter1bit:52|1 ; clk        ; clk      ; None                        ; None                      ; 27.100 ns               ;
; N/A                                     ; 16.50 MHz ( period = 60.600 ns )                    ; ram256x8:104|lpm_ram_dq:lpm_ram_dq_component|altram:sram|q[6]~reg_ra6 ; counter8bits:59|counter1bit:52|1 ; clk        ; clk      ; None                        ; None                      ; 27.100 ns               ;
; N/A                                     ; 16.50 MHz ( period = 60.600 ns )                    ; ram256x8:104|lpm_ram_dq:lpm_ram_dq_component|altram:sram|q[6]~reg_ra7 ; counter8bits:59|counter1bit:52|1 ; clk        ; clk      ; None                        ; None                      ; 27.100 ns               ;
; N/A                                     ; 16.50 MHz ( period = 60.600 ns )                    ; ram256x8:104|lpm_ram_dq:lpm_ram_dq_component|altram:sram|q[6]~reg_wa0 ; counter8bits:59|counter1bit:52|1 ; clk        ; clk      ; None                        ; None                      ; 27.100 ns               ;
; N/A                                     ; 16.50 MHz ( period = 60.600 ns )                    ; ram256x8:104|lpm_ram_dq:lpm_ram_dq_component|altram:sram|q[6]~reg_wa1 ; counter8bits:59|counter1bit:52|1 ; clk        ; clk      ; None                        ; None                      ; 27.100 ns               ;
; N/A                                     ; 16.50 MHz ( period = 60.600 ns )                    ; ram256x8:104|lpm_ram_dq:lpm_ram_dq_component|altram:sram|q[6]~reg_wa2 ; counter8bits:59|counter1bit:52|1 ; clk        ; clk      ; None                        ; None                      ; 27.100 ns               ;
; N/A                                     ; 16.50 MHz ( period = 60.600 ns )                    ; ram256x8:104|lpm_ram_dq:lpm_ram_dq_component|altram:sram|q[6]~reg_wa3 ; counter8bits:59|counter1bit:52|1 ; clk        ; clk      ; None                        ; None                      ; 27.100 ns               ;
; N/A                                     ; 16.50 MHz ( period = 60.600 ns )                    ; ram256x8:104|lpm_ram_dq:lpm_ram_dq_component|altram:sram|q[6]~reg_wa4 ; counter8bits:59|counter1bit:52|1 ; clk        ; clk      ; None                        ; None                      ; 27.100 ns               ;
; N/A                                     ; 16.50 MHz ( period = 60.600 ns )                    ; ram256x8:104|lpm_ram_dq:lpm_ram_dq_component|altram:sram|q[6]~reg_wa5 ; counter8bits:59|counter1bit:52|1 ; clk        ; clk      ; None                        ; None                      ; 27.100 ns               ;
; N/A                                     ; 16.50 MHz ( period = 60.600 ns )                    ; ram256x8:104|lpm_ram_dq:lpm_ram_dq_component|altram:sram|q[6]~reg_wa6 ; counter8bits:59|counter1bit:52|1 ; clk        ; clk      ; None                        ; None                      ; 27.100 ns               ;
; N/A                                     ; 16.50 MHz ( period = 60.600 ns )                    ; ram256x8:104|lpm_ram_dq:lpm_ram_dq_component|altram:sram|q[6]~reg_wa7 ; counter8bits:59|counter1bit:52|1 ; clk        ; clk      ; None                        ; None                      ; 27.100 ns               ;
; N/A                                     ; 16.50 MHz ( period = 60.600 ns )                    ; ram256x8:104|lpm_ram_dq:lpm_ram_dq_component|altram:sram|q[6]~reg_ra0 ; counter8bits:60|counter1bit:52|1 ; clk        ; clk      ; None                        ; None                      ; 27.100 ns               ;
; N/A                                     ; 16.50 MHz ( period = 60.600 ns )                    ; ram256x8:104|lpm_ram_dq:lpm_ram_dq_component|altram:sram|q[6]~reg_ra1 ; counter8bits:60|counter1bit:52|1 ; clk        ; clk      ; None                        ; None                      ; 27.100 ns               ;
; N/A                                     ; 16.50 MHz ( period = 60.600 ns )                    ; ram256x8:104|lpm_ram_dq:lpm_ram_dq_component|altram:sram|q[6]~reg_ra2 ; counter8bits:60|counter1bit:52|1 ; clk        ; clk      ; None                        ; None                      ; 27.100 ns               ;
; N/A                                     ; 16.50 MHz ( period = 60.600 ns )                    ; ram256x8:104|lpm_ram_dq:lpm_ram_dq_component|altram:sram|q[6]~reg_ra3 ; counter8bits:60|counter1bit:52|1 ; clk        ; clk      ; None                        ; None                      ; 27.100 ns               ;
; N/A                                     ; 16.50 MHz ( period = 60.600 ns )                    ; ram256x8:104|lpm_ram_dq:lpm_ram_dq_component|altram:sram|q[6]~reg_ra4 ; counter8bits:60|counter1bit:52|1 ; clk        ; clk      ; None                        ; None                      ; 27.100 ns               ;
; N/A                                     ; 16.50 MHz ( period = 60.600 ns )                    ; ram256x8:104|lpm_ram_dq:lpm_ram_dq_component|altram:sram|q[6]~reg_ra5 ; counter8bits:60|counter1bit:52|1 ; clk        ; clk      ; None                        ; None                      ; 27.100 ns               ;
; N/A                                     ; 16.50 MHz ( period = 60.600 ns )                    ; ram256x8:104|lpm_ram_dq:lpm_ram_dq_component|altram:sram|q[6]~reg_ra6 ; counter8bits:60|counter1bit:52|1 ; clk        ; clk      ; None                        ; None                      ; 27.100 ns               ;
; N/A                                     ; 16.50 MHz ( period = 60.600 ns )                    ; ram256x8:104|lpm_ram_dq:lpm_ram_dq_component|altram:sram|q[6]~reg_ra7 ; counter8bits:60|counter1bit:52|1 ; clk        ; clk      ; None                        ; None                      ; 27.100 ns               ;
; N/A                                     ; 16.50 MHz ( period = 60.600 ns )                    ; ram256x8:104|lpm_ram_dq:lpm_ram_dq_component|altram:sram|q[6]~reg_wa0 ; counter8bits:60|counter1bit:52|1 ; clk        ; clk      ; None                        ; None                      ; 27.100 ns               ;
; N/A                                     ; 16.50 MHz ( period = 60.600 ns )                    ; ram256x8:104|lpm_ram_dq:lpm_ram_dq_component|altram:sram|q[6]~reg_wa1 ; counter8bits:60|counter1bit:52|1 ; clk        ; clk      ; None                        ; None                      ; 27.100 ns               ;
; N/A                                     ; 16.50 MHz ( period = 60.600 ns )                    ; ram256x8:104|lpm_ram_dq:lpm_ram_dq_component|altram:sram|q[6]~reg_wa2 ; counter8bits:60|counter1bit:52|1 ; clk        ; clk      ; None                        ; None                      ; 27.100 ns               ;
; N/A                                     ; 16.50 MHz ( period = 60.600 ns )                    ; ram256x8:104|lpm_ram_dq:lpm_ram_dq_component|altram:sram|q[6]~reg_wa3 ; counter8bits:60|counter1bit:52|1 ; clk        ; clk      ; None                        ; None                      ; 27.100 ns               ;
; N/A                                     ; 16.50 MHz ( period = 60.600 ns )                    ; ram256x8:104|lpm_ram_dq:lpm_ram_dq_component|altram:sram|q[6]~reg_wa4 ; counter8bits:60|counter1bit:52|1 ; clk        ; clk      ; None                        ; None                      ; 27.100 ns               ;
; N/A                                     ; 16.50 MHz ( period = 60.600 ns )                    ; ram256x8:104|lpm_ram_dq:lpm_ram_dq_component|altram:sram|q[6]~reg_wa5 ; counter8bits:60|counter1bit:52|1 ; clk        ; clk      ; None                        ; None                      ; 27.100 ns               ;
; N/A                                     ; 16.50 MHz ( period = 60.600 ns )                    ; ram256x8:104|lpm_ram_dq:lpm_ram_dq_component|altram:sram|q[6]~reg_wa6 ; counter8bits:60|counter1bit:52|1 ; clk        ; clk      ; None                        ; None                      ; 27.100 ns               ;
; Timing analysis restricted to 200 rows. ; To change the limit use Settings (Assignments menu) ;                                                                       ;                                  ;            ;          ;                             ;                           ;                         ;
+-----------------------------------------+-----------------------------------------------------+-----------------------------------------------------------------------+----------------------------------+------------+----------+-----------------------------+---------------------------+-------------------------+


+------------------------------------------------------------------------------------------+
; tsu                                                                                      ;
+-------+--------------+------------+------+------------------------------------+----------+
; Slack ; Required tsu ; Actual tsu ; From ; To                                 ; To Clock ;
+-------+--------------+------------+------+------------------------------------+----------+
; N/A   ; None         ; 18.700 ns  ; DIP0 ; register8bits:63|register1bit:23|1 ; clk      ;
; N/A   ; None         ; 16.900 ns  ; DIP4 ; register8bits:63|register1bit:27|1 ; clk      ;
; N/A   ; None         ; 16.900 ns  ; DIP3 ; register8bits:63|register1bit:26|1 ; clk      ;
; N/A   ; None         ; 16.600 ns  ; DIP5 ; register8bits:63|register1bit:28|1 ; clk      ;
; N/A   ; None         ; 16.300 ns  ; DIP2 ; register8bits:63|register1bit:25|1 ; clk      ;
; N/A   ; None         ; 15.800 ns  ; DIP1 ; register8bits:63|register1bit:24|1 ; clk      ;
; N/A   ; None         ; 15.600 ns  ; DIP6 ; register8bits:63|register1bit:29|1 ; clk      ;
; N/A   ; None         ; 11.200 ns  ; DIP7 ; register8bits:63|register1bit:30|1 ; clk      ;
+-------+--------------+------------+------+------------------------------------+----------+


+-------------------------------------------------------------------------------------------------+
; tco                                                                                             ;
+-------+--------------+------------+------------------------------------+-----------+------------+
; Slack ; Required tco ; Actual tco ; From                               ; To        ; From Clock ;
+-------+--------------+------------+------------------------------------+-----------+------------+
; N/A   ; None         ; 25.400 ns  ; register8bits:66|register1bit:28|1 ; f1        ; clk        ;
; N/A   ; None         ; 25.400 ns  ; register8bits:66|register1bit:29|1 ; f1        ; clk        ;
; N/A   ; None         ; 25.200 ns  ; register8bits:66|register1bit:27|1 ; f1        ; clk        ;
; N/A   ; None         ; 25.100 ns  ; register8bits:66|register1bit:26|1 ; b2        ; clk        ;
; N/A   ; None         ; 24.900 ns  ; register8bits:66|register1bit:30|1 ; f1        ; clk        ;
; N/A   ; None         ; 24.900 ns  ; register8bits:66|register1bit:25|1 ; b2        ; clk        ;
; N/A   ; None         ; 24.800 ns  ; register8bits:66|register1bit:28|1 ; g1        ; clk        ;
; N/A   ; None         ; 24.800 ns  ; register8bits:66|register1bit:24|1 ; b2        ; clk        ;
; N/A   ; None         ; 24.700 ns  ; register8bits:66|register1bit:29|1 ; g1        ; clk        ;
; N/A   ; None         ; 24.600 ns  ; register8bits:66|register1bit:27|1 ; g1        ; clk        ;
; N/A   ; None         ; 24.600 ns  ; register8bits:66|register1bit:30|1 ; g1        ; clk        ;
; N/A   ; None         ; 24.400 ns  ; register8bits:66|register1bit:23|1 ; b2        ; clk        ;
; N/A   ; None         ; 24.100 ns  ; register8bits:66|register1bit:26|1 ; c2        ; clk        ;
; N/A   ; None         ; 24.000 ns  ; register8bits:66|register1bit:28|1 ; b1        ; clk        ;
; N/A   ; None         ; 24.000 ns  ; register8bits:66|register1bit:29|1 ; b1        ; clk        ;
; N/A   ; None         ; 24.000 ns  ; register8bits:66|register1bit:28|1 ; e1        ; clk        ;
; N/A   ; None         ; 24.000 ns  ; register8bits:66|register1bit:29|1 ; e1        ; clk        ;
; N/A   ; None         ; 24.000 ns  ; register8bits:66|register1bit:28|1 ; d1        ; clk        ;
; N/A   ; None         ; 24.000 ns  ; register8bits:66|register1bit:29|1 ; d1        ; clk        ;
; N/A   ; None         ; 23.800 ns  ; register8bits:66|register1bit:27|1 ; b1        ; clk        ;
; N/A   ; None         ; 23.800 ns  ; register8bits:66|register1bit:27|1 ; e1        ; clk        ;
; N/A   ; None         ; 23.800 ns  ; register8bits:66|register1bit:27|1 ; d1        ; clk        ;
; N/A   ; None         ; 23.700 ns  ; register8bits:66|register1bit:28|1 ; c1        ; clk        ;
; N/A   ; None         ; 23.600 ns  ; register8bits:66|register1bit:29|1 ; c1        ; clk        ;
; N/A   ; None         ; 23.600 ns  ; register8bits:66|register1bit:25|1 ; c2        ; clk        ;
; N/A   ; None         ; 23.600 ns  ; register8bits:66|register1bit:26|1 ; f2        ; clk        ;
; N/A   ; None         ; 23.600 ns  ; register8bits:66|register1bit:26|1 ; g2        ; clk        ;
; N/A   ; None         ; 23.600 ns  ; register8bits:66|register1bit:26|1 ; d2        ; clk        ;
; N/A   ; None         ; 23.600 ns  ; register8bits:66|register1bit:26|1 ; e2        ; clk        ;
; N/A   ; None         ; 23.500 ns  ; register8bits:66|register1bit:30|1 ; b1        ; clk        ;
; N/A   ; None         ; 23.500 ns  ; register8bits:66|register1bit:27|1 ; c1        ; clk        ;
; N/A   ; None         ; 23.500 ns  ; register8bits:66|register1bit:30|1 ; e1        ; clk        ;
; N/A   ; None         ; 23.500 ns  ; register8bits:66|register1bit:30|1 ; d1        ; clk        ;
; N/A   ; None         ; 23.500 ns  ; register8bits:66|register1bit:24|1 ; c2        ; clk        ;
; N/A   ; None         ; 23.400 ns  ; register8bits:66|register1bit:30|1 ; c1        ; clk        ;
; N/A   ; None         ; 23.400 ns  ; register8bits:66|register1bit:28|1 ; a1        ; clk        ;
; N/A   ; None         ; 23.400 ns  ; register8bits:66|register1bit:25|1 ; f2        ; clk        ;
; N/A   ; None         ; 23.400 ns  ; register8bits:66|register1bit:25|1 ; g2        ; clk        ;
; N/A   ; None         ; 23.400 ns  ; register8bits:66|register1bit:25|1 ; d2        ; clk        ;
; N/A   ; None         ; 23.400 ns  ; register8bits:66|register1bit:25|1 ; e2        ; clk        ;
; N/A   ; None         ; 23.300 ns  ; register8bits:66|register1bit:29|1 ; a1        ; clk        ;
; N/A   ; None         ; 23.300 ns  ; register8bits:66|register1bit:24|1 ; f2        ; clk        ;
; N/A   ; None         ; 23.300 ns  ; register8bits:66|register1bit:24|1 ; g2        ; clk        ;
; N/A   ; None         ; 23.300 ns  ; register8bits:66|register1bit:24|1 ; d2        ; clk        ;
; N/A   ; None         ; 23.300 ns  ; register8bits:66|register1bit:24|1 ; e2        ; clk        ;
; N/A   ; None         ; 23.200 ns  ; register8bits:66|register1bit:27|1 ; a1        ; clk        ;
; N/A   ; None         ; 23.200 ns  ; register8bits:66|register1bit:30|1 ; a1        ; clk        ;
; N/A   ; None         ; 23.100 ns  ; register8bits:66|register1bit:23|1 ; c2        ; clk        ;
; N/A   ; None         ; 22.900 ns  ; register8bits:66|register1bit:23|1 ; f2        ; clk        ;
; N/A   ; None         ; 22.900 ns  ; register8bits:66|register1bit:23|1 ; g2        ; clk        ;
; N/A   ; None         ; 22.900 ns  ; register8bits:66|register1bit:23|1 ; d2        ; clk        ;
; N/A   ; None         ; 22.900 ns  ; register8bits:66|register1bit:23|1 ; e2        ; clk        ;
; N/A   ; None         ; 22.500 ns  ; register8bits:66|register1bit:26|1 ; a2        ; clk        ;
; N/A   ; None         ; 22.000 ns  ; register8bits:66|register1bit:24|1 ; a2        ; clk        ;
; N/A   ; None         ; 21.800 ns  ; register8bits:66|register1bit:25|1 ; a2        ; clk        ;
; N/A   ; None         ; 21.400 ns  ; register8bits:66|register1bit:23|1 ; a2        ; clk        ;
; N/A   ; None         ; 19.300 ns  ; register8bits:66|register1bit:24|1 ; OUTD_1    ; clk        ;
; N/A   ; None         ; 19.200 ns  ; register8bits:66|register1bit:30|1 ; OUTD_7    ; clk        ;
; N/A   ; None         ; 18.900 ns  ; controlregister:101|91             ; ALU_Sel1  ; clk        ;
; N/A   ; None         ; 18.900 ns  ; controlregister:101|7              ; AC_Clear  ; clk        ;
; N/A   ; None         ; 18.900 ns  ; controlregister:101|96             ; OUTD_Load ; clk        ;
; N/A   ; None         ; 18.500 ns  ; controlregister:101|133            ; SC-Clear  ; clk        ;
; N/A   ; None         ; 18.400 ns  ; controlregister:101|134            ; Halt      ; clk        ;
; N/A   ; None         ; 17.300 ns  ; register8bits:66|register1bit:28|1 ; OUTD_5    ; clk        ;
; N/A   ; None         ; 17.300 ns  ; controlregister:101|93             ; ALU_Sel2  ; clk        ;
; N/A   ; None         ; 16.500 ns  ; register8bits:66|register1bit:27|1 ; OUTD_4    ; clk        ;
; N/A   ; None         ; 16.500 ns  ; register8bits:66|register1bit:25|1 ; OUTD_2    ; clk        ;
; N/A   ; None         ; 16.500 ns  ; register8bits:66|register1bit:23|1 ; OUTD_0    ; clk        ;
; N/A   ; None         ; 16.500 ns  ; controlregister:101|128            ; BusSel0   ; clk        ;
; N/A   ; None         ; 16.500 ns  ; controlregister:101|88             ; ALU_Sel0  ; clk        ;
; N/A   ; None         ; 16.500 ns  ; controlregister:101|99             ; AC_Inc    ; clk        ;
; N/A   ; None         ; 16.500 ns  ; controlregister:101|8              ; AC_Load   ; clk        ;
; N/A   ; None         ; 16.500 ns  ; controlregister:101|102            ; DR_Inc    ; clk        ;
; N/A   ; None         ; 16.500 ns  ; controlregister:101|5              ; DR_Load   ; clk        ;
; N/A   ; None         ; 16.500 ns  ; controlregister:101|1              ; memwrite  ; clk        ;
; N/A   ; None         ; 16.300 ns  ; controlregister:101|6              ; IR_Load   ; clk        ;
; N/A   ; None         ; 16.000 ns  ; controlregister:101|3              ; PC_Load   ; clk        ;
; N/A   ; None         ; 14.700 ns  ; register8bits:66|register1bit:29|1 ; OUTD_6    ; clk        ;
; N/A   ; None         ; 14.700 ns  ; register8bits:66|register1bit:26|1 ; OUTD_3    ; clk        ;
; N/A   ; None         ; 14.600 ns  ; controlregister:101|81             ; BusSel1   ; clk        ;
; N/A   ; None         ; 14.600 ns  ; controlregister:101|84             ; BusSel2   ; clk        ;
; N/A   ; None         ; 14.600 ns  ; controlregister:101|2              ; AR_Load   ; clk        ;
+-------+--------------+------------+------------------------------------+-----------+------------+


+-------------------------------------------------------------------------------------------------+
; th                                                                                              ;
+---------------+-------------+------------+------+------------------------------------+----------+
; Minimum Slack ; Required th ; Actual th  ; From ; To                                 ; To Clock ;
+---------------+-------------+------------+------+------------------------------------+----------+
; N/A           ; None        ; -5.500 ns  ; DIP7 ; register8bits:63|register1bit:30|1 ; clk      ;
; N/A           ; None        ; -9.900 ns  ; DIP6 ; register8bits:63|register1bit:29|1 ; clk      ;
; N/A           ; None        ; -10.100 ns ; DIP1 ; register8bits:63|register1bit:24|1 ; clk      ;
; N/A           ; None        ; -10.600 ns ; DIP2 ; register8bits:63|register1bit:25|1 ; clk      ;
; N/A           ; None        ; -10.900 ns ; DIP5 ; register8bits:63|register1bit:28|1 ; clk      ;
; N/A           ; None        ; -11.200 ns ; DIP4 ; register8bits:63|register1bit:27|1 ; clk      ;
; N/A           ; None        ; -11.200 ns ; DIP3 ; register8bits:63|register1bit:26|1 ; clk      ;
; N/A           ; None        ; -13.000 ns ; DIP0 ; register8bits:63|register1bit:23|1 ; clk      ;
+---------------+-------------+------------+------+------------------------------------+----------+


+--------------------------+
; Timing Analyzer Messages ;
+--------------------------+
Info: *******************************************************************
Info: Running Quartus II Classic Timing Analyzer
    Info: Version 9.0 Build 235 06/17/2009 Service Pack 2 SJ Web Edition
    Info: Processing started: Thu Nov 20 14:19:48 2014
Info: Command: quartus_tan --read_settings_files=off --write_settings_files=off CEG_Lab4 -c CEG_Lab4
Info: Started post-fitting delay annotation
Info: Delay annotation completed successfully
Warning: Found pins functioning as undefined clocks and/or memory enables
    Info: Assuming node "clk" is an undefined clock
Info: Clock "clk" has Internal fmax of 16.39 MHz between source memory "ram256x8:104|lpm_ram_dq:lpm_ram_dq_component|altram:sram|q[4]~reg_ra0" and destination register "counter8bits:59|counter1bit:50|1" (period= 61.0 ns)
    Info: + Longest memory to register delay is 27.300 ns
        Info: 1: + IC(0.000 ns) + CELL(0.000 ns) = 0.000 ns; Loc. = EC3_B; Fanout = 1; MEM Node = 'ram256x8:104|lpm_ram_dq:lpm_ram_dq_component|altram:sram|q[4]~reg_ra0'
        Info: 2: + IC(0.000 ns) + CELL(10.700 ns) = 10.700 ns; Loc. = EC3_B; Fanout = 1; MEM Node = 'ram256x8:104|lpm_ram_dq:lpm_ram_dq_component|altram:sram|q[4]~mem_cell_ra0'
        Info: 3: + IC(0.000 ns) + CELL(2.500 ns) = 13.200 ns; Loc. = EC3_B; Fanout = 1; MEM Node = 'ram256x8:104|lpm_ram_dq:lpm_ram_dq_component|altram:sram|q[4]'
        Info: 4: + IC(2.800 ns) + CELL(2.700 ns) = 18.700 ns; Loc. = LC6_B23; Fanout = 1; COMB Node = 'busmultiplexer:67|Y[4]~74'
        Info: 5: + IC(0.500 ns) + CELL(2.700 ns) = 21.900 ns; Loc. = LC7_B23; Fanout = 4; COMB Node = 'busmultiplexer:67|Y[4]~75'
        Info: 6: + IC(0.500 ns) + CELL(2.700 ns) = 25.100 ns; Loc. = LC1_B23; Fanout = 3; COMB Node = 'busmultiplexer:67|Y[4]~92'
        Info: 7: + IC(0.500 ns) + CELL(1.700 ns) = 27.300 ns; Loc. = LC8_B23; Fanout = 7; REG Node = 'counter8bits:59|counter1bit:50|1'
        Info: Total cell delay = 23.000 ns ( 84.25 % )
        Info: Total interconnect delay = 4.300 ns ( 15.75 % )
    Info: - Smallest clock skew is 0.000 ns
        Info: + Shortest clock path from clock "clk" to destination register is 7.000 ns
            Info: 1: + IC(0.000 ns) + CELL(2.900 ns) = 2.900 ns; Loc. = PIN_91; Fanout = 230; CLK Node = 'clk'
            Info: 2: + IC(4.100 ns) + CELL(0.000 ns) = 7.000 ns; Loc. = LC8_B23; Fanout = 7; REG Node = 'counter8bits:59|counter1bit:50|1'
            Info: Total cell delay = 2.900 ns ( 41.43 % )
            Info: Total interconnect delay = 4.100 ns ( 58.57 % )
        Info: - Longest clock path from clock "clk" to source memory is 7.000 ns
            Info: 1: + IC(0.000 ns) + CELL(2.900 ns) = 2.900 ns; Loc. = PIN_91; Fanout = 230; CLK Node = 'clk'
            Info: 2: + IC(4.100 ns) + CELL(0.000 ns) = 7.000 ns; Loc. = EC3_B; Fanout = 1; MEM Node = 'ram256x8:104|lpm_ram_dq:lpm_ram_dq_component|altram:sram|q[4]~reg_ra0'
            Info: Total cell delay = 2.900 ns ( 41.43 % )
            Info: Total interconnect delay = 4.100 ns ( 58.57 % )
    Info: + Micro clock to output delay of source is 0.600 ns
    Info: + Micro setup delay of destination is 2.600 ns
    Info: Delay path is controlled by inverted clocks -- if clock duty cycle is 50%, fmax is divided by two
Info: tsu for register "register8bits:63|register1bit:23|1" (data pin = "DIP0", clock pin = "clk") is 18.700 ns
    Info: + Longest pin to register delay is 23.100 ns
        Info: 1: + IC(0.000 ns) + CELL(10.300 ns) = 10.300 ns; Loc. = PIN_41; Fanout = 1; PIN Node = 'DIP0'
        Info: 2: + IC(11.100 ns) + CELL(1.700 ns) = 23.100 ns; Loc. = LC4_B32; Fanout = 1; REG Node = 'register8bits:63|register1bit:23|1'
        Info: Total cell delay = 12.000 ns ( 51.95 % )
        Info: Total interconnect delay = 11.100 ns ( 48.05 % )
    Info: + Micro setup delay of destination is 2.600 ns
    Info: - Shortest clock path from clock "clk" to destination register is 7.000 ns
        Info: 1: + IC(0.000 ns) + CELL(2.900 ns) = 2.900 ns; Loc. = PIN_91; Fanout = 230; CLK Node = 'clk'
        Info: 2: + IC(4.100 ns) + CELL(0.000 ns) = 7.000 ns; Loc. = LC4_B32; Fanout = 1; REG Node = 'register8bits:63|register1bit:23|1'
        Info: Total cell delay = 2.900 ns ( 41.43 % )
        Info: Total interconnect delay = 4.100 ns ( 58.57 % )
Info: tco from clock "clk" to destination pin "f1" through register "register8bits:66|register1bit:28|1" is 25.400 ns
    Info: + Longest clock path from clock "clk" to source register is 7.000 ns
        Info: 1: + IC(0.000 ns) + CELL(2.900 ns) = 2.900 ns; Loc. = PIN_91; Fanout = 230; CLK Node = 'clk'
        Info: 2: + IC(4.100 ns) + CELL(0.000 ns) = 7.000 ns; Loc. = LC8_B24; Fanout = 8; REG Node = 'register8bits:66|register1bit:28|1'
        Info: Total cell delay = 2.900 ns ( 41.43 % )
        Info: Total interconnect delay = 4.100 ns ( 58.57 % )
    Info: + Micro clock to output delay of source is 1.400 ns
    Info: + Longest register to pin delay is 17.000 ns
        Info: 1: + IC(0.000 ns) + CELL(0.000 ns) = 0.000 ns; Loc. = LC8_B24; Fanout = 8; REG Node = 'register8bits:66|register1bit:28|1'
        Info: 2: + IC(5.500 ns) + CELL(2.700 ns) = 8.200 ns; Loc. = LC1_A50; Fanout = 1; COMB Node = 'sevensegcontroller:12|seg7:1|S[5]~88'
        Info: 3: + IC(3.800 ns) + CELL(5.000 ns) = 17.000 ns; Loc. = PIN_12; Fanout = 0; PIN Node = 'f1'
        Info: Total cell delay = 7.700 ns ( 45.29 % )
        Info: Total interconnect delay = 9.300 ns ( 54.71 % )
Info: th for register "register8bits:63|register1bit:30|1" (data pin = "DIP7", clock pin = "clk") is -5.500 ns
    Info: + Longest clock path from clock "clk" to destination register is 7.000 ns
        Info: 1: + IC(0.000 ns) + CELL(2.900 ns) = 2.900 ns; Loc. = PIN_91; Fanout = 230; CLK Node = 'clk'
        Info: 2: + IC(4.100 ns) + CELL(0.000 ns) = 7.000 ns; Loc. = LC1_E31; Fanout = 1; REG Node = 'register8bits:63|register1bit:30|1'
        Info: Total cell delay = 2.900 ns ( 41.43 % )
        Info: Total interconnect delay = 4.100 ns ( 58.57 % )
    Info: + Micro hold delay of destination is 3.100 ns
    Info: - Shortest pin to register delay is 15.600 ns
        Info: 1: + IC(0.000 ns) + CELL(10.300 ns) = 10.300 ns; Loc. = PIN_33; Fanout = 1; PIN Node = 'DIP7'
        Info: 2: + IC(3.600 ns) + CELL(1.700 ns) = 15.600 ns; Loc. = LC1_E31; Fanout = 1; REG Node = 'register8bits:63|register1bit:30|1'
        Info: Total cell delay = 12.000 ns ( 76.92 % )
        Info: Total interconnect delay = 3.600 ns ( 23.08 % )
Info: Quartus II Classic Timing Analyzer was successful. 0 errors, 1 warning
    Info: Peak virtual memory: 173 megabytes
    Info: Processing ended: Thu Nov 20 14:19:49 2014
    Info: Elapsed time: 00:00:01
    Info: Total CPU time (on all processors): 00:00:01


